
============================================================
=== PACCHETTO 1 / 10 ===
=== 2026-04-17 12:54:04 ===
============================================================

RAW BODY:
{"v":1,"mid":267,"time":437,"ip":"192.168.1.23","mac":"24D7EB1C9E9C","devices":[[0,"E669EF1B414D",-77,"0201061AFFFFFF0215FDA50693A4E24FB1AFCFC6EB07647825271B4CB9C9"],[0,"E669EF1B414D",-83,"0201060BFFFFFF0B0005000703BB00"],[0,"E669EF1B414D",-81,"0201060BFFFFFF0B0005000503BE00"],[0,"E669EF1B414D",-81,"0201061AFFFFFF0215FDA50693A4E24FB1AFCFC6EB07647825271B4CB9C9"],[0,"E669EF1B414D",-77,"0201060BFFFFFF0B0003000B03BE00"],[0,"E669EF1B414D",-77,"0201061AFFFFFF0215FDA50693A4E24FB1AFCFC6EB07647825271B4CB9C9"],[0,"E669EF1B414D",-83,"0201060BFFFFFF0B0001000B03C400"],[0,"E669EF1B414D",-83,"0201061AFFFFFF0215FDA50693A4E24FB1AFCFC6EB07647825271B4CB9C9"],[0,"E669EF1B414D",-82,"0201061AFFFFFF0215FDA50693A4E24FB1AFCFC6EB07647825271B4CB9C9"],[0,"E669EF1B414D",-77,"0201060BFFFFFF0B0003000103C400"],[0,"E669EF1B414D",-78,"0201061AFFFFFF0215FDA50693A4E24FB1AFCFC6EB07647825271B4CB9C9"],[0,"E669EF1B414D",-83,"0201060BFFFFFF0B0001000903C000"],[0,"E669EF1B414D",-84,"0201061AFFFFFF0215FDA50693A4E24FB1AFCFC6EB07647825271B4CB9C9"],[0,"E669EF1B414D",-82,"0201060BFFFFFF0B0003000703BE00"],[0,"E669EF1B414D",-81,"0201061AFFFFFF0215FDA50693A4E24FB1AFCFC6EB07647825271B4CB9C9"],[0,"E669EF1B414D",-77,"0201060BFFFFFF0B0003000703C200"],[0,"E669EF1B414D",-77,"0201061AFFFFFF0215FDA50693A4E24FB1AFCFC6EB07647825271B4CB9C9"],[0,"E669EF1B414D",-84,"0201060BFFFFFF0B0001000503C400"]],"rssi":-68}

JSON DECODED:
Array
(
    [v] => 1
    [mid] => 267
    [time] => 437
    [ip] => 192.168.1.23
    [mac] => 24D7EB1C9E9C
    [devices] => Array
        (
            [0] => Array
                (
                    [0] => 0
                    [1] => E669EF1B414D
                    [2] => -77
                    [3] => 0201061AFFFFFF0215FDA50693A4E24FB1AFCFC6EB07647825271B4CB9C9
                )

            [1] => Array
                (
                    [0] => 0
                    [1] => E669EF1B414D
                    [2] => -83
                    [3] => 0201060BFFFFFF0B0005000703BB00
                )

            [2] => Array
                (
                    [0] => 0
                    [1] => E669EF1B414D
                    [2] => -81
                    [3] => 0201060BFFFFFF0B0005000503BE00
                )

            [3] => Array
                (
                    [0] => 0
                    [1] => E669EF1B414D
                    [2] => -81
                    [3] => 0201061AFFFFFF0215FDA50693A4E24FB1AFCFC6EB07647825271B4CB9C9
                )

            [4] => Array
                (
                    [0] => 0
                    [1] => E669EF1B414D
                    [2] => -77
                    [3] => 0201060BFFFFFF0B0003000B03BE00
                )

            [5] => Array
                (
                    [0] => 0
                    [1] => E669EF1B414D
                    [2] => -77
                    [3] => 0201061AFFFFFF0215FDA50693A4E24FB1AFCFC6EB07647825271B4CB9C9
                )

            [6] => Array
                (
                    [0] => 0
                    [1] => E669EF1B414D
                    [2] => -83
                    [3] => 0201060BFFFFFF0B0001000B03C400
                )

            [7] => Array
                (
                    [0] => 0
                    [1] => E669EF1B414D
                    [2] => -83
                    [3] => 0201061AFFFFFF0215FDA50693A4E24FB1AFCFC6EB07647825271B4CB9C9
                )

            [8] => Array
                (
                    [0] => 0
                    [1] => E669EF1B414D
                    [2] => -82
                    [3] => 0201061AFFFFFF0215FDA50693A4E24FB1AFCFC6EB07647825271B4CB9C9
                )

            [9] => Array
                (
                    [0] => 0
                    [1] => E669EF1B414D
                    [2] => -77
                    [3] => 0201060BFFFFFF0B0003000103C400
                )

            [10] => Array
                (
                    [0] => 0
                    [1] => E669EF1B414D
                    [2] => -78
                    [3] => 0201061AFFFFFF0215FDA50693A4E24FB1AFCFC6EB07647825271B4CB9C9
                )

            [11] => Array
                (
                    [0] => 0
                    [1] => E669EF1B414D
                    [2] => -83
                    [3] => 0201060BFFFFFF0B0001000903C000
                )

            [12] => Array
                (
                    [0] => 0
                    [1] => E669EF1B414D
                    [2] => -84
                    [3] => 0201061AFFFFFF0215FDA50693A4E24FB1AFCFC6EB07647825271B4CB9C9
                )

            [13] => Array
                (
                    [0] => 0
                    [1] => E669EF1B414D
                    [2] => -82
                    [3] => 0201060BFFFFFF0B0003000703BE00
                )

            [14] => Array
                (
                    [0] => 0
                    [1] => E669EF1B414D
                    [2] => -81
                    [3] => 0201061AFFFFFF0215FDA50693A4E24FB1AFCFC6EB07647825271B4CB9C9
                )

            [15] => Array
                (
                    [0] => 0
                    [1] => E669EF1B414D
                    [2] => -77
                    [3] => 0201060BFFFFFF0B0003000703C200
                )

            [16] => Array
                (
                    [0] => 0
                    [1] => E669EF1B414D
                    [2] => -77
                    [3] => 0201061AFFFFFF0215FDA50693A4E24FB1AFCFC6EB07647825271B4CB9C9
                )

            [17] => Array
                (
                    [0] => 0
                    [1] => E669EF1B414D
                    [2] => -84
                    [3] => 0201060BFFFFFF0B0001000503C400
                )

        )

    [rssi] => -68
)


============================================================
=== PACCHETTO 2 / 10 ===
=== 2026-04-17 12:54:06 ===
============================================================

RAW BODY:
{"v":1,"mid":268,"time":439,"ip":"192.168.1.23","mac":"24D7EB1C9E9C","devices":[[0,"E669EF1B414D",-84,"0201061AFFFFFF0215FDA50693A4E24FB1AFCFC6EB07647825271B4CB9C9"],[0,"E669EF1B414D",-81,"0201060BFFFFFF0B0005000903C000"],[0,"E669EF1B414D",-81,"0201061AFFFFFF0215FDA50693A4E24FB1AFCFC6EB07647825271B4CB9C9"],[0,"E669EF1B414D",-77,"0201060BFFFFFF0B0003000903C000"],[0,"E669EF1B414D",-77,"0201061AFFFFFF0215FDA50693A4E24FB1AFCFC6EB07647825271B4CB9C9"]],"rssi":-68}

JSON DECODED:
Array
(
    [v] => 1
    [mid] => 268
    [time] => 439
    [ip] => 192.168.1.23
    [mac] => 24D7EB1C9E9C
    [devices] => Array
        (
            [0] => Array
                (
                    [0] => 0
                    [1] => E669EF1B414D
                    [2] => -84
                    [3] => 0201061AFFFFFF0215FDA50693A4E24FB1AFCFC6EB07647825271B4CB9C9
                )

            [1] => Array
                (
                    [0] => 0
                    [1] => E669EF1B414D
                    [2] => -81
                    [3] => 0201060BFFFFFF0B0005000903C000
                )

            [2] => Array
                (
                    [0] => 0
                    [1] => E669EF1B414D
                    [2] => -81
                    [3] => 0201061AFFFFFF0215FDA50693A4E24FB1AFCFC6EB07647825271B4CB9C9
                )

            [3] => Array
                (
                    [0] => 0
                    [1] => E669EF1B414D
                    [2] => -77
                    [3] => 0201060BFFFFFF0B0003000903C000
                )

            [4] => Array
                (
                    [0] => 0
                    [1] => E669EF1B414D
                    [2] => -77
                    [3] => 0201061AFFFFFF0215FDA50693A4E24FB1AFCFC6EB07647825271B4CB9C9
                )

        )

    [rssi] => -68
)


============================================================
=== PACCHETTO 3 / 10 ===
=== 2026-04-17 12:54:08 ===
============================================================

RAW BODY:
{"v":1,"mid":269,"time":441,"ip":"192.168.1.23","mac":"24D7EB1C9E9C","devices":[[0,"E669EF1B414D",-84,"0201060BFFFFFF0B0005000703C200"],[0,"E669EF1B414D",-84,"0201061AFFFFFF0215FDA50693A4E24FB1AFCFC6EB07647825271B4CB9C9"],[0,"E669EF1B414D",-81,"0201060BFFFFFF0B0001000503C400"],[0,"E669EF1B414D",-81,"0201061AFFFFFF0215FDA50693A4E24FB1AFCFC6EB07647825271B4CB9C9"],[0,"E669EF1B414D",-79,"0201060BFFFFFF0B0003000303C400"],[0,"E669EF1B414D",-79,"0201061AFFFFFF0215FDA50693A4E24FB1AFCFC6EB07647825271B4CB9C9"],[0,"E669EF1B414D",-82,"0201060BFFFFFF0B0005000703C000"],[0,"E669EF1B414D",-82,"0201061AFFFFFF0215FDA50693A4E24FB1AFCFC6EB07647825271B4CB9C9"]],"rssi":-69}

JSON DECODED:
Array
(
    [v] => 1
    [mid] => 269
    [time] => 441
    [ip] => 192.168.1.23
    [mac] => 24D7EB1C9E9C
    [devices] => Array
        (
            [0] => Array
                (
                    [0] => 0
                    [1] => E669EF1B414D
                    [2] => -84
                    [3] => 0201060BFFFFFF0B0005000703C200
                )

            [1] => Array
                (
                    [0] => 0
                    [1] => E669EF1B414D
                    [2] => -84
                    [3] => 0201061AFFFFFF0215FDA50693A4E24FB1AFCFC6EB07647825271B4CB9C9
                )

            [2] => Array
                (
                    [0] => 0
                    [1] => E669EF1B414D
                    [2] => -81
                    [3] => 0201060BFFFFFF0B0001000503C400
                )

            [3] => Array
                (
                    [0] => 0
                    [1] => E669EF1B414D
                    [2] => -81
                    [3] => 0201061AFFFFFF0215FDA50693A4E24FB1AFCFC6EB07647825271B4CB9C9
                )

            [4] => Array
                (
                    [0] => 0
                    [1] => E669EF1B414D
                    [2] => -79
                    [3] => 0201060BFFFFFF0B0003000303C400
                )

            [5] => Array
                (
                    [0] => 0
                    [1] => E669EF1B414D
                    [2] => -79
                    [3] => 0201061AFFFFFF0215FDA50693A4E24FB1AFCFC6EB07647825271B4CB9C9
                )

            [6] => Array
                (
                    [0] => 0
                    [1] => E669EF1B414D
                    [2] => -82
                    [3] => 0201060BFFFFFF0B0005000703C000
                )

            [7] => Array
                (
                    [0] => 0
                    [1] => E669EF1B414D
                    [2] => -82
                    [3] => 0201061AFFFFFF0215FDA50693A4E24FB1AFCFC6EB07647825271B4CB9C9
                )

        )

    [rssi] => -69
)


============================================================
=== PACCHETTO 4 / 10 ===
=== 2026-04-17 12:54:10 ===
============================================================

RAW BODY:
{"v":1,"mid":270,"time":443,"ip":"192.168.1.23","mac":"24D7EB1C9E9C","devices":[[0,"E669EF1B414D",-81,"0201060BFFFFFF0B0005000503C200"],[0,"E669EF1B414D",-81,"0201061AFFFFFF0215FDA50693A4E24FB1AFCFC6EB07647825271B4CB9C9"],[0,"E669EF1B414D",-78,"0201060BFFFFFF0B0003000703C000"],[0,"E669EF1B414D",-81,"0201060BFFFFFF0B0003000703C400"],[0,"E669EF1B414D",-82,"0201061AFFFFFF0215FDA50693A4E24FB1AFCFC6EB07647825271B4CB9C9"],[0,"E669EF1B414D",-81,"0201061AFFFFFF0215FDA50693A4E24FB1AFCFC6EB07647825271B4CB9C9"],[0,"E669EF1B414D",-78,"0201060BFFFFFF0B0003000903C000"]],"rssi":-71}

JSON DECODED:
Array
(
    [v] => 1
    [mid] => 270
    [time] => 443
    [ip] => 192.168.1.23
    [mac] => 24D7EB1C9E9C
    [devices] => Array
        (
            [0] => Array
                (
                    [0] => 0
                    [1] => E669EF1B414D
                    [2] => -81
                    [3] => 0201060BFFFFFF0B0005000503C200
                )

            [1] => Array
                (
                    [0] => 0
                    [1] => E669EF1B414D
                    [2] => -81
                    [3] => 0201061AFFFFFF0215FDA50693A4E24FB1AFCFC6EB07647825271B4CB9C9
                )

            [2] => Array
                (
                    [0] => 0
                    [1] => E669EF1B414D
                    [2] => -78
                    [3] => 0201060BFFFFFF0B0003000703C000
                )

            [3] => Array
                (
                    [0] => 0
                    [1] => E669EF1B414D
                    [2] => -81
                    [3] => 0201060BFFFFFF0B0003000703C400
                )

            [4] => Array
                (
                    [0] => 0
                    [1] => E669EF1B414D
                    [2] => -82
                    [3] => 0201061AFFFFFF0215FDA50693A4E24FB1AFCFC6EB07647825271B4CB9C9
                )

            [5] => Array
                (
                    [0] => 0
                    [1] => E669EF1B414D
                    [2] => -81
                    [3] => 0201061AFFFFFF0215FDA50693A4E24FB1AFCFC6EB07647825271B4CB9C9
                )

            [6] => Array
                (
                    [0] => 0
                    [1] => E669EF1B414D
                    [2] => -78
                    [3] => 0201060BFFFFFF0B0003000903C000
                )

        )

    [rssi] => -71
)


============================================================
=== PACCHETTO 5 / 10 ===
=== 2026-04-17 12:54:13 ===
============================================================

RAW BODY:
{"v":1,"mid":271,"time":445,"ip":"192.168.1.23","mac":"24D7EB1C9E9C","devices":[[0,"E669EF1B414D",-78,"0201061AFFFFFF0215FDA50693A4E24FB1AFCFC6EB07647825271B4CB9C9"],[0,"E669EF1B414D",-83,"0201060BFFFFFF0B0007000303C400"],[0,"E669EF1B414D",-82,"0201061AFFFFFF0215FDA50693A4E24FB1AFCFC6EB07647825271B4CB9C9"],[0,"E669EF1B414D",-83,"0201060BFFFFFF0B0005000903C400"],[0,"E669EF1B414D",-80,"0201060BFFFFFF0B0000000703C200"],[0,"E669EF1B414D",-80,"0201061AFFFFFF0215FDA50693A4E24FB1AFCFC6EB07647825271B4CB9C9"],[0,"E669EF1B414D",-82,"0201060BFFFFFF0B0003000503BE00"],[0,"E669EF1B414D",-83,"0201061AFFFFFF0215FDA50693A4E24FB1AFCFC6EB07647825271B4CB9C9"],[0,"E669EF1B414D",-83,"0201060BFFFFFF0B0003000103C200"]],"rssi":-70}

JSON DECODED:
Array
(
    [v] => 1
    [mid] => 271
    [time] => 445
    [ip] => 192.168.1.23
    [mac] => 24D7EB1C9E9C
    [devices] => Array
        (
            [0] => Array
                (
                    [0] => 0
                    [1] => E669EF1B414D
                    [2] => -78
                    [3] => 0201061AFFFFFF0215FDA50693A4E24FB1AFCFC6EB07647825271B4CB9C9
                )

            [1] => Array
                (
                    [0] => 0
                    [1] => E669EF1B414D
                    [2] => -83
                    [3] => 0201060BFFFFFF0B0007000303C400
                )

            [2] => Array
                (
                    [0] => 0
                    [1] => E669EF1B414D
                    [2] => -82
                    [3] => 0201061AFFFFFF0215FDA50693A4E24FB1AFCFC6EB07647825271B4CB9C9
                )

            [3] => Array
                (
                    [0] => 0
                    [1] => E669EF1B414D
                    [2] => -83
                    [3] => 0201060BFFFFFF0B0005000903C400
                )

            [4] => Array
                (
                    [0] => 0
                    [1] => E669EF1B414D
                    [2] => -80
                    [3] => 0201060BFFFFFF0B0000000703C200
                )

            [5] => Array
                (
                    [0] => 0
                    [1] => E669EF1B414D
                    [2] => -80
                    [3] => 0201061AFFFFFF0215FDA50693A4E24FB1AFCFC6EB07647825271B4CB9C9
                )

            [6] => Array
                (
                    [0] => 0
                    [1] => E669EF1B414D
                    [2] => -82
                    [3] => 0201060BFFFFFF0B0003000503BE00
                )

            [7] => Array
                (
                    [0] => 0
                    [1] => E669EF1B414D
                    [2] => -83
                    [3] => 0201061AFFFFFF0215FDA50693A4E24FB1AFCFC6EB07647825271B4CB9C9
                )

            [8] => Array
                (
                    [0] => 0
                    [1] => E669EF1B414D
                    [2] => -83
                    [3] => 0201060BFFFFFF0B0003000103C200
                )

        )

    [rssi] => -70
)


============================================================
=== PACCHETTO 6 / 10 ===
=== 2026-04-17 12:54:14 ===
============================================================

RAW BODY:
{"v":1,"mid":272,"time":448,"ip":"192.168.1.23","mac":"24D7EB1C9E9C","devices":[[0,"E669EF1B414D",-83,"0201061AFFFFFF0215FDA50693A4E24FB1AFCFC6EB07647825271B4CB9C9"],[0,"E669EF1B414D",-79,"0201060BFFFFFF0B0003000303C400"],[0,"E669EF1B414D",-78,"0201061AFFFFFF0215FDA50693A4E24FB1AFCFC6EB07647825271B4CB9C9"],[0,"E669EF1B414D",-82,"0201061AFFFFFF0215FDA50693A4E24FB1AFCFC6EB07647825271B4CB9C9"],[0,"E669EF1B414D",-83,"0201060BFFFFFF0B0005000703C200"],[0,"E669EF1B414D",-83,"0201061AFFFFFF0215FDA50693A4E24FB1AFCFC6EB07647825271B4CB9C9"],[0,"E669EF1B414D",-79,"0201060BFFFFFF0B0001000003E400"],[0,"E669EF1B414D",-78,"0201061AFFFFFF0215FDA50693A4E24FB1AFCFC6EB07647825271B4CB9C9"]],"rssi":-70}

JSON DECODED:
Array
(
    [v] => 1
    [mid] => 272
    [time] => 448
    [ip] => 192.168.1.23
    [mac] => 24D7EB1C9E9C
    [devices] => Array
        (
            [0] => Array
                (
                    [0] => 0
                    [1] => E669EF1B414D
                    [2] => -83
                    [3] => 0201061AFFFFFF0215FDA50693A4E24FB1AFCFC6EB07647825271B4CB9C9
                )

            [1] => Array
                (
                    [0] => 0
                    [1] => E669EF1B414D
                    [2] => -79
                    [3] => 0201060BFFFFFF0B0003000303C400
                )

            [2] => Array
                (
                    [0] => 0
                    [1] => E669EF1B414D
                    [2] => -78
                    [3] => 0201061AFFFFFF0215FDA50693A4E24FB1AFCFC6EB07647825271B4CB9C9
                )

            [3] => Array
                (
                    [0] => 0
                    [1] => E669EF1B414D
                    [2] => -82
                    [3] => 0201061AFFFFFF0215FDA50693A4E24FB1AFCFC6EB07647825271B4CB9C9
                )

            [4] => Array
                (
                    [0] => 0
                    [1] => E669EF1B414D
                    [2] => -83
                    [3] => 0201060BFFFFFF0B0005000703C200
                )

            [5] => Array
                (
                    [0] => 0
                    [1] => E669EF1B414D
                    [2] => -83
                    [3] => 0201061AFFFFFF0215FDA50693A4E24FB1AFCFC6EB07647825271B4CB9C9
                )

            [6] => Array
                (
                    [0] => 0
                    [1] => E669EF1B414D
                    [2] => -79
                    [3] => 0201060BFFFFFF0B0001000003E400
                )

            [7] => Array
                (
                    [0] => 0
                    [1] => E669EF1B414D
                    [2] => -78
                    [3] => 0201061AFFFFFF0215FDA50693A4E24FB1AFCFC6EB07647825271B4CB9C9
                )

        )

    [rssi] => -70
)


============================================================
=== PACCHETTO 7 / 10 ===
=== 2026-04-17 12:54:15 ===
============================================================

RAW BODY:
{"v":1,"mid":273,"time":449,"ip":"192.168.1.23","mac":"24D7EB1C9E9C","devices":[[0,"E669EF1B414D",-82,"0201060BFFFFFF0B0009000903C200"],[0,"E669EF1B414D",-82,"0201061AFFFFFF0215FDA50693A4E24FB1AFCFC6EB07647825271B4CB9C9"],[0,"E669EF1B414D",-83,"0201060BFFFFFF0B0001000503C000"],[0,"E669EF1B414D",-83,"0201061AFFFFFF0215FDA50693A4E24FB1AFCFC6EB07647825271B4CB9C9"],[0,"E669EF1B414D",-79,"0201060BFFFFFF0B0003000703C200"]],"rssi":-67}

JSON DECODED:
Array
(
    [v] => 1
    [mid] => 273
    [time] => 449
    [ip] => 192.168.1.23
    [mac] => 24D7EB1C9E9C
    [devices] => Array
        (
            [0] => Array
                (
                    [0] => 0
                    [1] => E669EF1B414D
                    [2] => -82
                    [3] => 0201060BFFFFFF0B0009000903C200
                )

            [1] => Array
                (
                    [0] => 0
                    [1] => E669EF1B414D
                    [2] => -82
                    [3] => 0201061AFFFFFF0215FDA50693A4E24FB1AFCFC6EB07647825271B4CB9C9
                )

            [2] => Array
                (
                    [0] => 0
                    [1] => E669EF1B414D
                    [2] => -83
                    [3] => 0201060BFFFFFF0B0001000503C000
                )

            [3] => Array
                (
                    [0] => 0
                    [1] => E669EF1B414D
                    [2] => -83
                    [3] => 0201061AFFFFFF0215FDA50693A4E24FB1AFCFC6EB07647825271B4CB9C9
                )

            [4] => Array
                (
                    [0] => 0
                    [1] => E669EF1B414D
                    [2] => -79
                    [3] => 0201060BFFFFFF0B0003000703C200
                )

        )

    [rssi] => -67
)


============================================================
=== PACCHETTO 8 / 10 ===
=== 2026-04-17 12:54:17 ===
============================================================

RAW BODY:
{"v":1,"mid":274,"time":450,"ip":"192.168.1.23","mac":"24D7EB1C9E9C","devices":[[0,"E669EF1B414D",-79,"0201061AFFFFFF0215FDA50693A4E24FB1AFCFC6EB07647825271B4CB9C9"],[0,"E669EF1B414D",-83,"0201060BFFFFFF0B0007000303C200"],[0,"E669EF1B414D",-83,"0201061AFFFFFF0215FDA50693A4E24FB1AFCFC6EB07647825271B4CB9C9"],[0,"E669EF1B414D",-83,"0201060BFFFFFF0B0005000703C200"],[0,"E669EF1B414D",-83,"0201061AFFFFFF0215FDA50693A4E24FB1AFCFC6EB07647825271B4CB9C9"]],"rssi":-66}

JSON DECODED:
Array
(
    [v] => 1
    [mid] => 274
    [time] => 450
    [ip] => 192.168.1.23
    [mac] => 24D7EB1C9E9C
    [devices] => Array
        (
            [0] => Array
                (
                    [0] => 0
                    [1] => E669EF1B414D
                    [2] => -79
                    [3] => 0201061AFFFFFF0215FDA50693A4E24FB1AFCFC6EB07647825271B4CB9C9
                )

            [1] => Array
                (
                    [0] => 0
                    [1] => E669EF1B414D
                    [2] => -83
                    [3] => 0201060BFFFFFF0B0007000303C200
                )

            [2] => Array
                (
                    [0] => 0
                    [1] => E669EF1B414D
                    [2] => -83
                    [3] => 0201061AFFFFFF0215FDA50693A4E24FB1AFCFC6EB07647825271B4CB9C9
                )

            [3] => Array
                (
                    [0] => 0
                    [1] => E669EF1B414D
                    [2] => -83
                    [3] => 0201060BFFFFFF0B0005000703C200
                )

            [4] => Array
                (
                    [0] => 0
                    [1] => E669EF1B414D
                    [2] => -83
                    [3] => 0201061AFFFFFF0215FDA50693A4E24FB1AFCFC6EB07647825271B4CB9C9
                )

        )

    [rssi] => -66
)


============================================================
=== PACCHETTO 9 / 10 ===
=== 2026-04-17 12:54:20 ===
============================================================

RAW BODY:
{"v":1,"mid":275,"time":452,"ip":"192.168.1.23","mac":"24D7EB1C9E9C","devices":[[0,"E669EF1B414D",-79,"0201060BFFFFFF0B0003000703C400"],[0,"E669EF1B414D",-79,"0201061AFFFFFF0215FDA50693A4E24FB1AFCFC6EB07647825271B4CB9C9"],[0,"E669EF1B414D",-84,"0201061AFFFFFF0215FDA50693A4E24FB1AFCFC6EB07647825271B4CB9C9"],[0,"E669EF1B414D",-83,"0201060BFFFFFF0B0005000303C200"],[0,"E669EF1B414D",-83,"0201061AFFFFFF0215FDA50693A4E24FB1AFCFC6EB07647825271B4CB9C9"],[0,"E669EF1B414D",-79,"0201060BFFFFFF0B0007000503C600"],[0,"E669EF1B414D",-79,"0201061AFFFFFF0215FDA50693A4E24FB1AFCFC6EB07647825271B4CB9C9"]],"rssi":-68}

JSON DECODED:
Array
(
    [v] => 1
    [mid] => 275
    [time] => 452
    [ip] => 192.168.1.23
    [mac] => 24D7EB1C9E9C
    [devices] => Array
        (
            [0] => Array
                (
                    [0] => 0
                    [1] => E669EF1B414D
                    [2] => -79
                    [3] => 0201060BFFFFFF0B0003000703C400
                )

            [1] => Array
                (
                    [0] => 0
                    [1] => E669EF1B414D
                    [2] => -79
                    [3] => 0201061AFFFFFF0215FDA50693A4E24FB1AFCFC6EB07647825271B4CB9C9
                )

            [2] => Array
                (
                    [0] => 0
                    [1] => E669EF1B414D
                    [2] => -84
                    [3] => 0201061AFFFFFF0215FDA50693A4E24FB1AFCFC6EB07647825271B4CB9C9
                )

            [3] => Array
                (
                    [0] => 0
                    [1] => E669EF1B414D
                    [2] => -83
                    [3] => 0201060BFFFFFF0B0005000303C200
                )

            [4] => Array
                (
                    [0] => 0
                    [1] => E669EF1B414D
                    [2] => -83
                    [3] => 0201061AFFFFFF0215FDA50693A4E24FB1AFCFC6EB07647825271B4CB9C9
                )

            [5] => Array
                (
                    [0] => 0
                    [1] => E669EF1B414D
                    [2] => -79
                    [3] => 0201060BFFFFFF0B0007000503C600
                )

            [6] => Array
                (
                    [0] => 0
                    [1] => E669EF1B414D
                    [2] => -79
                    [3] => 0201061AFFFFFF0215FDA50693A4E24FB1AFCFC6EB07647825271B4CB9C9
                )

        )

    [rssi] => -68
)


============================================================
=== PACCHETTO 10 / 10 ===
=== 2026-04-17 12:54:24 ===
============================================================

RAW BODY:
{"v":1,"mid":276,"time":455,"ip":"192.168.1.23","mac":"24D7EB1C9E9C","devices":[[0,"E669EF1B414D",-83,"0201060BFFFFFF0B0005000903C600"],[0,"E669EF1B414D",-83,"0201061AFFFFFF0215FDA50693A4E24FB1AFCFC6EB07647825271B4CB9C9"],[0,"E669EF1B414D",-83,"0201060BFFFFFF0B0007000503C200"],[0,"E669EF1B414D",-79,"0201060BFFFFFF0B0003000103C200"],[0,"E669EF1B414D",-79,"0201061AFFFFFF0215FDA50693A4E24FB1AFCFC6EB07647825271B4CB9C9"],[0,"E669EF1B414D",-83,"0201060BFFFFFF0B0003000703C400"],[0,"E669EF1B414D",-83,"0201061AFFFFFF0215FDA50693A4E24FB1AFCFC6EB07647825271B4CB9C9"],[0,"E669EF1B414D",-84,"0201060BFFFFFF0B0003000703C000"],[0,"E669EF1B414D",-84,"0201061AFFFFFF0215FDA50693A4E24FB1AFCFC6EB07647825271B4CB9C9"],[0,"E669EF1B414D",-79,"0201060BFFFFFF0B0003000B03BE00"],[0,"E669EF1B414D",-79,"0201061AFFFFFF0215FDA50693A4E24FB1AFCFC6EB07647825271B4CB9C9"]],"rssi":-66}

JSON DECODED:
Array
(
    [v] => 1
    [mid] => 276
    [time] => 455
    [ip] => 192.168.1.23
    [mac] => 24D7EB1C9E9C
    [devices] => Array
        (
            [0] => Array
                (
                    [0] => 0
                    [1] => E669EF1B414D
                    [2] => -83
                    [3] => 0201060BFFFFFF0B0005000903C600
                )

            [1] => Array
                (
                    [0] => 0
                    [1] => E669EF1B414D
                    [2] => -83
                    [3] => 0201061AFFFFFF0215FDA50693A4E24FB1AFCFC6EB07647825271B4CB9C9
                )

            [2] => Array
                (
                    [0] => 0
                    [1] => E669EF1B414D
                    [2] => -83
                    [3] => 0201060BFFFFFF0B0007000503C200
                )

            [3] => Array
                (
                    [0] => 0
                    [1] => E669EF1B414D
                    [2] => -79
                    [3] => 0201060BFFFFFF0B0003000103C200
                )

            [4] => Array
                (
                    [0] => 0
                    [1] => E669EF1B414D
                    [2] => -79
                    [3] => 0201061AFFFFFF0215FDA50693A4E24FB1AFCFC6EB07647825271B4CB9C9
                )

            [5] => Array
                (
                    [0] => 0
                    [1] => E669EF1B414D
                    [2] => -83
                    [3] => 0201060BFFFFFF0B0003000703C400
                )

            [6] => Array
                (
                    [0] => 0
                    [1] => E669EF1B414D
                    [2] => -83
                    [3] => 0201061AFFFFFF0215FDA50693A4E24FB1AFCFC6EB07647825271B4CB9C9
                )

            [7] => Array
                (
                    [0] => 0
                    [1] => E669EF1B414D
                    [2] => -84
                    [3] => 0201060BFFFFFF0B0003000703C000
                )

            [8] => Array
                (
                    [0] => 0
                    [1] => E669EF1B414D
                    [2] => -84
                    [3] => 0201061AFFFFFF0215FDA50693A4E24FB1AFCFC6EB07647825271B4CB9C9
                )

            [9] => Array
                (
                    [0] => 0
                    [1] => E669EF1B414D
                    [2] => -79
                    [3] => 0201060BFFFFFF0B0003000B03BE00
                )

            [10] => Array
                (
                    [0] => 0
                    [1] => E669EF1B414D
                    [2] => -79
                    [3] => 0201061AFFFFFF0215FDA50693A4E24FB1AFCFC6EB07647825271B4CB9C9
                )

        )

    [rssi] => -66
)

