
============================================================
=== PACCHETTO 1 / 10 ===
=== 2026-04-17 10:17:40 ===
============================================================

RAW BODY:
{"v":1,"mid":5020,"time":6252,"ip":"192.168.1.23","mac":"24D7EB1C9E9C","devices":[[0,"E669EF1B414D",-49,"0201061AFFFFFF0215FDA50693A4E24FB1AFCFC6EB07647825271B4CB9C9"],[0,"E669EF1B414D",-50,"0201061AFFFFFF0215FDA50693A4E24FB1AFCFC6EB07647825271B4CB9C9"],[0,"E669EF1B414D",-46,"0201060BFFFFFF0B0001FFF903C000"],[0,"E669EF1B414D",-46,"0201061AFFFFFF0215FDA50693A4E24FB1AFCFC6EB07647825271B4CB9C9"],[0,"E669EF1B414D",-48,"0201060BFFFFFF0B0003FFF703C200"],[0,"E669EF1B414D",-48,"0201061AFFFFFF0215FDA50693A4E24FB1AFCFC6EB07647825271B4CB9C9"],[0,"E669EF1B414D",-50,"0201060BFFFFFF0B0003FFF303C400"],[0,"E669EF1B414D",-50,"0201061AFFFFFF0215FDA50693A4E24FB1AFCFC6EB07647825271B4CB9C9"],[0,"E669EF1B414D",-46,"0201060BFFFFFF0B0001FFF703C000"],[0,"E669EF1B414D",-47,"0201061AFFFFFF0215FDA50693A4E24FB1AFCFC6EB07647825271B4CB9C9"],[0,"E669EF1B414D",-50,"0201060BFFFFFF0B0003FFFB03BD00"],[0,"E669EF1B414D",-49,"0201061AFFFFFF0215FDA50693A4E24FB1AFCFC6EB07647825271B4CB9C9"],[0,"E669EF1B414D",-50,"0201060BFFFFFF0B0007FFF703BE00"],[0,"E669EF1B414D",-51,"0201061AFFFFFF0215FDA50693A4E24FB1AFCFC6EB07647825271B4CB9C9"],[0,"E669EF1B414D",-46,"0201060BFFFFFF0B0001FFF903C200"],[0,"E669EF1B414D",-46,"0201061AFFFFFF0215FDA50693A4E24FB1AFCFC6EB07647825271B4CB9C9"],[0,"E669EF1B414D",-50,"0201060BFFFFFF0B0001FFF903C200"],[0,"E669EF1B414D",-48,"0201061AFFFFFF0215FDA50693A4E24FB1AFCFC6EB07647825271B4CB9C9"],[0,"E669EF1B414D",-51,"0201060BFFFFFF0B0001FFF703C800"],[0,"E669EF1B414D",-51,"0201061AFFFFFF0215FDA50693A4E24FB1AFCFC6EB07647825271B4CB9C9"],[0,"E669EF1B414D",-47,"0201060BFFFFFF0B0001FFF303C000"],[0,"E669EF1B414D",-47,"0201061AFFFFFF0215FDA50693A4E24FB1AFCFC6EB07647825271B4CB9C9"],[0,"E669EF1B414D",-48,"0201060BFFFFFF0B0001FFF703C400"],[0,"E669EF1B414D",-49,"0201061AFFFFFF0215FDA50693A4E24FB1AFCFC6EB07647825271B4CB9C9"],[0,"E669EF1B414D",-50,"0201060BFFFFFF0B0003FFF503C400"],[0,"E669EF1B414D",-50,"0201061AFFFFFF0215FDA50693A4E24FB1AFCFC6EB07647825271B4CB9C9"],[0,"E669EF1B414D",-46,"0201060BFFFFFF0B0000FFF703C400"],[0,"E669EF1B414D",-47,"0201061AFFFFFF0215FDA50693A4E24FB1AFCFC6EB07647825271B4CB9C9"],[0,"E669EF1B414D",-48,"0201060BFFFFFF0B0001FFF303C000"],[0,"E669EF1B414D",-49,"0201061AFFFFFF0215FDA50693A4E24FB1AFCFC6EB07647825271B4CB9C9"],[0,"E669EF1B414D",-50,"0201060BFFFFFF0B0003FFF703C200"],[0,"E669EF1B414D",-51,"0201061AFFFFFF0215FDA50693A4E24FB1AFCFC6EB07647825271B4CB9C9"],[0,"E669EF1B414D",-47,"0201060BFFFFFF0B0001FFF903C000"],[0,"E669EF1B414D",-46,"0201061AFFFFFF0215FDA50693A4E24FB1AFCFC6EB07647825271B4CB9C9"],[0,"E669EF1B414D",-48,"0201060BFFFFFF0B0001FFF303C600"],[0,"E669EF1B414D",-50,"0201061AFFFFFF0215FDA50693A4E24FB1AFCFC6EB07647825271B4CB9C9"],[0,"E669EF1B414D",-51,"0201060BFFFFFF0B0003FFF503C000"],[0,"E669EF1B414D",-51,"0201061AFFFFFF0215FDA50693A4E24FB1AFCFC6EB07647825271B4CB9C9"],[0,"E669EF1B414D",-46,"0201060BFFFFFF0B0005FFF703C400"],[0,"E669EF1B414D",-47,"0201061AFFFFFF0215FDA50693A4E24FB1AFCFC6EB07647825271B4CB9C9"],[0,"E669EF1B414D",-50,"0201060BFFFFFF0B0000FFF903BD00"],[0,"E669EF1B414D",-49,"0201061AFFFFFF0215FDA50693A4E24FB1AFCFC6EB07647825271B4CB9C9"],[0,"E669EF1B414D",-51,"0201060BFFFFFF0B0003FFF503C000"],[0,"E669EF1B414D",-51,"0201061AFFFFFF0215FDA50693A4E24FB1AFCFC6EB07647825271B4CB9C9"],[0,"E669EF1B414D",-48,"0201060BFFFFFF0B0001FFF703C000"],[0,"E669EF1B414D",-48,"0201061AFFFFFF0215FDA50693A4E24FB1AFCFC6EB07647825271B4CB9C9"],[0,"E669EF1B414D",-49,"0201060BFFFFFF0B0001FFF703C400"],[0,"E669EF1B414D",-49,"0201061AFFFFFF0215FDA50693A4E24FB1AFCFC6EB07647825271B4CB9C9"],[0,"E669EF1B414D",-49,"0201060BFFFFFF0B0003FFFB03C200"],[0,"E669EF1B414D",-49,"0201061AFFFFFF0215FDA50693A4E24FB1AFCFC6EB07647825271B4CB9C9"],[0,"E669EF1B414D",-46,"0201060BFFFFFF0B0005FFF503C200"],[0,"E669EF1B414D",-48,"0201061AFFFFFF0215FDA50693A4E24FB1AFCFC6EB07647825271B4CB9C9"],[0,"E669EF1B414D",-50,"0201060BFFFFFF0B0003FFF503C800"],[0,"E669EF1B414D",-50,"0201061AFFFFFF0215FDA50693A4E24FB1AFCFC6EB07647825271B4CB9C9"],[0,"E669EF1B414D",-50,"0201060BFFFFFF0B0003FFF303C200"],[0,"E669EF1B414D",-50,"0201061AFFFFFF0215FDA50693A4E24FB1AFCFC6EB07647825271B4CB9C9"]],"rssi":-49}

JSON DECODED:
Array
(
    [v] => 1
    [mid] => 5020
    [time] => 6252
    [ip] => 192.168.1.23
    [mac] => 24D7EB1C9E9C
    [devices] => Array
        (
            [0] => Array
                (
                    [0] => 0
                    [1] => E669EF1B414D
                    [2] => -49
                    [3] => 0201061AFFFFFF0215FDA50693A4E24FB1AFCFC6EB07647825271B4CB9C9
                )

            [1] => Array
                (
                    [0] => 0
                    [1] => E669EF1B414D
                    [2] => -50
                    [3] => 0201061AFFFFFF0215FDA50693A4E24FB1AFCFC6EB07647825271B4CB9C9
                )

            [2] => Array
                (
                    [0] => 0
                    [1] => E669EF1B414D
                    [2] => -46
                    [3] => 0201060BFFFFFF0B0001FFF903C000
                )

            [3] => Array
                (
                    [0] => 0
                    [1] => E669EF1B414D
                    [2] => -46
                    [3] => 0201061AFFFFFF0215FDA50693A4E24FB1AFCFC6EB07647825271B4CB9C9
                )

            [4] => Array
                (
                    [0] => 0
                    [1] => E669EF1B414D
                    [2] => -48
                    [3] => 0201060BFFFFFF0B0003FFF703C200
                )

            [5] => Array
                (
                    [0] => 0
                    [1] => E669EF1B414D
                    [2] => -48
                    [3] => 0201061AFFFFFF0215FDA50693A4E24FB1AFCFC6EB07647825271B4CB9C9
                )

            [6] => Array
                (
                    [0] => 0
                    [1] => E669EF1B414D
                    [2] => -50
                    [3] => 0201060BFFFFFF0B0003FFF303C400
                )

            [7] => Array
                (
                    [0] => 0
                    [1] => E669EF1B414D
                    [2] => -50
                    [3] => 0201061AFFFFFF0215FDA50693A4E24FB1AFCFC6EB07647825271B4CB9C9
                )

            [8] => Array
                (
                    [0] => 0
                    [1] => E669EF1B414D
                    [2] => -46
                    [3] => 0201060BFFFFFF0B0001FFF703C000
                )

            [9] => Array
                (
                    [0] => 0
                    [1] => E669EF1B414D
                    [2] => -47
                    [3] => 0201061AFFFFFF0215FDA50693A4E24FB1AFCFC6EB07647825271B4CB9C9
                )

            [10] => Array
                (
                    [0] => 0
                    [1] => E669EF1B414D
                    [2] => -50
                    [3] => 0201060BFFFFFF0B0003FFFB03BD00
                )

            [11] => Array
                (
                    [0] => 0
                    [1] => E669EF1B414D
                    [2] => -49
                    [3] => 0201061AFFFFFF0215FDA50693A4E24FB1AFCFC6EB07647825271B4CB9C9
                )

            [12] => Array
                (
                    [0] => 0
                    [1] => E669EF1B414D
                    [2] => -50
                    [3] => 0201060BFFFFFF0B0007FFF703BE00
                )

            [13] => Array
                (
                    [0] => 0
                    [1] => E669EF1B414D
                    [2] => -51
                    [3] => 0201061AFFFFFF0215FDA50693A4E24FB1AFCFC6EB07647825271B4CB9C9
                )

            [14] => Array
                (
                    [0] => 0
                    [1] => E669EF1B414D
                    [2] => -46
                    [3] => 0201060BFFFFFF0B0001FFF903C200
                )

            [15] => Array
                (
                    [0] => 0
                    [1] => E669EF1B414D
                    [2] => -46
                    [3] => 0201061AFFFFFF0215FDA50693A4E24FB1AFCFC6EB07647825271B4CB9C9
                )

            [16] => Array
                (
                    [0] => 0
                    [1] => E669EF1B414D
                    [2] => -50
                    [3] => 0201060BFFFFFF0B0001FFF903C200
                )

            [17] => Array
                (
                    [0] => 0
                    [1] => E669EF1B414D
                    [2] => -48
                    [3] => 0201061AFFFFFF0215FDA50693A4E24FB1AFCFC6EB07647825271B4CB9C9
                )

            [18] => Array
                (
                    [0] => 0
                    [1] => E669EF1B414D
                    [2] => -51
                    [3] => 0201060BFFFFFF0B0001FFF703C800
                )

            [19] => Array
                (
                    [0] => 0
                    [1] => E669EF1B414D
                    [2] => -51
                    [3] => 0201061AFFFFFF0215FDA50693A4E24FB1AFCFC6EB07647825271B4CB9C9
                )

            [20] => Array
                (
                    [0] => 0
                    [1] => E669EF1B414D
                    [2] => -47
                    [3] => 0201060BFFFFFF0B0001FFF303C000
                )

            [21] => Array
                (
                    [0] => 0
                    [1] => E669EF1B414D
                    [2] => -47
                    [3] => 0201061AFFFFFF0215FDA50693A4E24FB1AFCFC6EB07647825271B4CB9C9
                )

            [22] => Array
                (
                    [0] => 0
                    [1] => E669EF1B414D
                    [2] => -48
                    [3] => 0201060BFFFFFF0B0001FFF703C400
                )

            [23] => Array
                (
                    [0] => 0
                    [1] => E669EF1B414D
                    [2] => -49
                    [3] => 0201061AFFFFFF0215FDA50693A4E24FB1AFCFC6EB07647825271B4CB9C9
                )

            [24] => Array
                (
                    [0] => 0
                    [1] => E669EF1B414D
                    [2] => -50
                    [3] => 0201060BFFFFFF0B0003FFF503C400
                )

            [25] => Array
                (
                    [0] => 0
                    [1] => E669EF1B414D
                    [2] => -50
                    [3] => 0201061AFFFFFF0215FDA50693A4E24FB1AFCFC6EB07647825271B4CB9C9
                )

            [26] => Array
                (
                    [0] => 0
                    [1] => E669EF1B414D
                    [2] => -46
                    [3] => 0201060BFFFFFF0B0000FFF703C400
                )

            [27] => Array
                (
                    [0] => 0
                    [1] => E669EF1B414D
                    [2] => -47
                    [3] => 0201061AFFFFFF0215FDA50693A4E24FB1AFCFC6EB07647825271B4CB9C9
                )

            [28] => Array
                (
                    [0] => 0
                    [1] => E669EF1B414D
                    [2] => -48
                    [3] => 0201060BFFFFFF0B0001FFF303C000
                )

            [29] => Array
                (
                    [0] => 0
                    [1] => E669EF1B414D
                    [2] => -49
                    [3] => 0201061AFFFFFF0215FDA50693A4E24FB1AFCFC6EB07647825271B4CB9C9
                )

            [30] => Array
                (
                    [0] => 0
                    [1] => E669EF1B414D
                    [2] => -50
                    [3] => 0201060BFFFFFF0B0003FFF703C200
                )

            [31] => Array
                (
                    [0] => 0
                    [1] => E669EF1B414D
                    [2] => -51
                    [3] => 0201061AFFFFFF0215FDA50693A4E24FB1AFCFC6EB07647825271B4CB9C9
                )

            [32] => Array
                (
                    [0] => 0
                    [1] => E669EF1B414D
                    [2] => -47
                    [3] => 0201060BFFFFFF0B0001FFF903C000
                )

            [33] => Array
                (
                    [0] => 0
                    [1] => E669EF1B414D
                    [2] => -46
                    [3] => 0201061AFFFFFF0215FDA50693A4E24FB1AFCFC6EB07647825271B4CB9C9
                )

            [34] => Array
                (
                    [0] => 0
                    [1] => E669EF1B414D
                    [2] => -48
                    [3] => 0201060BFFFFFF0B0001FFF303C600
                )

            [35] => Array
                (
                    [0] => 0
                    [1] => E669EF1B414D
                    [2] => -50
                    [3] => 0201061AFFFFFF0215FDA50693A4E24FB1AFCFC6EB07647825271B4CB9C9
                )

            [36] => Array
                (
                    [0] => 0
                    [1] => E669EF1B414D
                    [2] => -51
                    [3] => 0201060BFFFFFF0B0003FFF503C000
                )

            [37] => Array
                (
                    [0] => 0
                    [1] => E669EF1B414D
                    [2] => -51
                    [3] => 0201061AFFFFFF0215FDA50693A4E24FB1AFCFC6EB07647825271B4CB9C9
                )

            [38] => Array
                (
                    [0] => 0
                    [1] => E669EF1B414D
                    [2] => -46
                    [3] => 0201060BFFFFFF0B0005FFF703C400
                )

            [39] => Array
                (
                    [0] => 0
                    [1] => E669EF1B414D
                    [2] => -47
                    [3] => 0201061AFFFFFF0215FDA50693A4E24FB1AFCFC6EB07647825271B4CB9C9
                )

            [40] => Array
                (
                    [0] => 0
                    [1] => E669EF1B414D
                    [2] => -50
                    [3] => 0201060BFFFFFF0B0000FFF903BD00
                )

            [41] => Array
                (
                    [0] => 0
                    [1] => E669EF1B414D
                    [2] => -49
                    [3] => 0201061AFFFFFF0215FDA50693A4E24FB1AFCFC6EB07647825271B4CB9C9
                )

            [42] => Array
                (
                    [0] => 0
                    [1] => E669EF1B414D
                    [2] => -51
                    [3] => 0201060BFFFFFF0B0003FFF503C000
                )

            [43] => Array
                (
                    [0] => 0
                    [1] => E669EF1B414D
                    [2] => -51
                    [3] => 0201061AFFFFFF0215FDA50693A4E24FB1AFCFC6EB07647825271B4CB9C9
                )

            [44] => Array
                (
                    [0] => 0
                    [1] => E669EF1B414D
                    [2] => -48
                    [3] => 0201060BFFFFFF0B0001FFF703C000
                )

            [45] => Array
                (
                    [0] => 0
                    [1] => E669EF1B414D
                    [2] => -48
                    [3] => 0201061AFFFFFF0215FDA50693A4E24FB1AFCFC6EB07647825271B4CB9C9
                )

            [46] => Array
                (
                    [0] => 0
                    [1] => E669EF1B414D
                    [2] => -49
                    [3] => 0201060BFFFFFF0B0001FFF703C400
                )

            [47] => Array
                (
                    [0] => 0
                    [1] => E669EF1B414D
                    [2] => -49
                    [3] => 0201061AFFFFFF0215FDA50693A4E24FB1AFCFC6EB07647825271B4CB9C9
                )

            [48] => Array
                (
                    [0] => 0
                    [1] => E669EF1B414D
                    [2] => -49
                    [3] => 0201060BFFFFFF0B0003FFFB03C200
                )

            [49] => Array
                (
                    [0] => 0
                    [1] => E669EF1B414D
                    [2] => -49
                    [3] => 0201061AFFFFFF0215FDA50693A4E24FB1AFCFC6EB07647825271B4CB9C9
                )

            [50] => Array
                (
                    [0] => 0
                    [1] => E669EF1B414D
                    [2] => -46
                    [3] => 0201060BFFFFFF0B0005FFF503C200
                )

            [51] => Array
                (
                    [0] => 0
                    [1] => E669EF1B414D
                    [2] => -48
                    [3] => 0201061AFFFFFF0215FDA50693A4E24FB1AFCFC6EB07647825271B4CB9C9
                )

            [52] => Array
                (
                    [0] => 0
                    [1] => E669EF1B414D
                    [2] => -50
                    [3] => 0201060BFFFFFF0B0003FFF503C800
                )

            [53] => Array
                (
                    [0] => 0
                    [1] => E669EF1B414D
                    [2] => -50
                    [3] => 0201061AFFFFFF0215FDA50693A4E24FB1AFCFC6EB07647825271B4CB9C9
                )

            [54] => Array
                (
                    [0] => 0
                    [1] => E669EF1B414D
                    [2] => -50
                    [3] => 0201060BFFFFFF0B0003FFF303C200
                )

            [55] => Array
                (
                    [0] => 0
                    [1] => E669EF1B414D
                    [2] => -50
                    [3] => 0201061AFFFFFF0215FDA50693A4E24FB1AFCFC6EB07647825271B4CB9C9
                )

        )

    [rssi] => -49
)


============================================================
=== PACCHETTO 2 / 10 ===
=== 2026-04-17 10:17:41 ===
============================================================

RAW BODY:
{"v":1,"mid":5021,"time":6256,"ip":"192.168.1.23","mac":"24D7EB1C9E9C","devices":[[0,"E669EF1B414D",-47,"0201060BFFFFFF0B0001FFF703BD00"],[0,"E669EF1B414D",-49,"0201061AFFFFFF0215FDA50693A4E24FB1AFCFC6EB07647825271B4CB9C9"],[0,"E669EF1B414D",-47,"0201060BFFFFFF0B0003FFF903BD00"],[0,"E669EF1B414D",-47,"0201061AFFFFFF0215FDA50693A4E24FB1AFCFC6EB07647825271B4CB9C9"],[0,"E669EF1B414D",-50,"0201061AFFFFFF0215FDA50693A4E24FB1AFCFC6EB07647825271B4CB9C9"],[0,"E669EF1B414D",-47,"0201060BFFFFFF0B0005FFF703C200"],[0,"E669EF1B414D",-47,"0201061AFFFFFF0215FDA50693A4E24FB1AFCFC6EB07647825271B4CB9C9"],[0,"E669EF1B414D",-47,"0201060BFFFFFF0B0000FFF503C400"],[0,"E669EF1B414D",-47,"0201061AFFFFFF0215FDA50693A4E24FB1AFCFC6EB07647825271B4CB9C9"],[0,"E669EF1B414D",-50,"0201060BFFFFFF0B0001FFF503C200"],[0,"E669EF1B414D",-50,"0201061AFFFFFF0215FDA50693A4E24FB1AFCFC6EB07647825271B4CB9C9"],[0,"E669EF1B414D",-48,"0201060BFFFFFF0B0003FFF703C000"],[0,"E669EF1B414D",-47,"0201061AFFFFFF0215FDA50693A4E24FB1AFCFC6EB07647825271B4CB9C9"],[0,"E669EF1B414D",-47,"0201060BFFFFFF0B0001FFFB03C200"],[0,"E669EF1B414D",-47,"0201061AFFFFFF0215FDA50693A4E24FB1AFCFC6EB07647825271B4CB9C9"],[0,"E669EF1B414D",-50,"0201060BFFFFFF0B0003FFF503C400"],[0,"E669EF1B414D",-48,"0201061AFFFFFF0215FDA50693A4E24FB1AFCFC6EB07647825271B4CB9C9"]],"rssi":-45}

JSON DECODED:
Array
(
    [v] => 1
    [mid] => 5021
    [time] => 6256
    [ip] => 192.168.1.23
    [mac] => 24D7EB1C9E9C
    [devices] => Array
        (
            [0] => Array
                (
                    [0] => 0
                    [1] => E669EF1B414D
                    [2] => -47
                    [3] => 0201060BFFFFFF0B0001FFF703BD00
                )

            [1] => Array
                (
                    [0] => 0
                    [1] => E669EF1B414D
                    [2] => -49
                    [3] => 0201061AFFFFFF0215FDA50693A4E24FB1AFCFC6EB07647825271B4CB9C9
                )

            [2] => Array
                (
                    [0] => 0
                    [1] => E669EF1B414D
                    [2] => -47
                    [3] => 0201060BFFFFFF0B0003FFF903BD00
                )

            [3] => Array
                (
                    [0] => 0
                    [1] => E669EF1B414D
                    [2] => -47
                    [3] => 0201061AFFFFFF0215FDA50693A4E24FB1AFCFC6EB07647825271B4CB9C9
                )

            [4] => Array
                (
                    [0] => 0
                    [1] => E669EF1B414D
                    [2] => -50
                    [3] => 0201061AFFFFFF0215FDA50693A4E24FB1AFCFC6EB07647825271B4CB9C9
                )

            [5] => Array
                (
                    [0] => 0
                    [1] => E669EF1B414D
                    [2] => -47
                    [3] => 0201060BFFFFFF0B0005FFF703C200
                )

            [6] => Array
                (
                    [0] => 0
                    [1] => E669EF1B414D
                    [2] => -47
                    [3] => 0201061AFFFFFF0215FDA50693A4E24FB1AFCFC6EB07647825271B4CB9C9
                )

            [7] => Array
                (
                    [0] => 0
                    [1] => E669EF1B414D
                    [2] => -47
                    [3] => 0201060BFFFFFF0B0000FFF503C400
                )

            [8] => Array
                (
                    [0] => 0
                    [1] => E669EF1B414D
                    [2] => -47
                    [3] => 0201061AFFFFFF0215FDA50693A4E24FB1AFCFC6EB07647825271B4CB9C9
                )

            [9] => Array
                (
                    [0] => 0
                    [1] => E669EF1B414D
                    [2] => -50
                    [3] => 0201060BFFFFFF0B0001FFF503C200
                )

            [10] => Array
                (
                    [0] => 0
                    [1] => E669EF1B414D
                    [2] => -50
                    [3] => 0201061AFFFFFF0215FDA50693A4E24FB1AFCFC6EB07647825271B4CB9C9
                )

            [11] => Array
                (
                    [0] => 0
                    [1] => E669EF1B414D
                    [2] => -48
                    [3] => 0201060BFFFFFF0B0003FFF703C000
                )

            [12] => Array
                (
                    [0] => 0
                    [1] => E669EF1B414D
                    [2] => -47
                    [3] => 0201061AFFFFFF0215FDA50693A4E24FB1AFCFC6EB07647825271B4CB9C9
                )

            [13] => Array
                (
                    [0] => 0
                    [1] => E669EF1B414D
                    [2] => -47
                    [3] => 0201060BFFFFFF0B0001FFFB03C200
                )

            [14] => Array
                (
                    [0] => 0
                    [1] => E669EF1B414D
                    [2] => -47
                    [3] => 0201061AFFFFFF0215FDA50693A4E24FB1AFCFC6EB07647825271B4CB9C9
                )

            [15] => Array
                (
                    [0] => 0
                    [1] => E669EF1B414D
                    [2] => -50
                    [3] => 0201060BFFFFFF0B0003FFF503C400
                )

            [16] => Array
                (
                    [0] => 0
                    [1] => E669EF1B414D
                    [2] => -48
                    [3] => 0201061AFFFFFF0215FDA50693A4E24FB1AFCFC6EB07647825271B4CB9C9
                )

        )

    [rssi] => -45
)


============================================================
=== PACCHETTO 3 / 10 ===
=== 2026-04-17 10:17:42 ===
============================================================

RAW BODY:
{"v":1,"mid":5022,"time":6258,"ip":"192.168.1.23","mac":"24D7EB1C9E9C","devices":[[0,"E669EF1B414D",-47,"0201060BFFFFFF0B0001FFF703C400"],[0,"E669EF1B414D",-48,"0201061AFFFFFF0215FDA50693A4E24FB1AFCFC6EB07647825271B4CB9C9"],[0,"E669EF1B414D",-48,"0201060BFFFFFF0B0001FFF703C200"],[0,"E669EF1B414D",-48,"0201061AFFFFFF0215FDA50693A4E24FB1AFCFC6EB07647825271B4CB9C9"],[0,"E669EF1B414D",-50,"0201060BFFFFFF0B0000FFF703C000"]],"rssi":-48}

JSON DECODED:
Array
(
    [v] => 1
    [mid] => 5022
    [time] => 6258
    [ip] => 192.168.1.23
    [mac] => 24D7EB1C9E9C
    [devices] => Array
        (
            [0] => Array
                (
                    [0] => 0
                    [1] => E669EF1B414D
                    [2] => -47
                    [3] => 0201060BFFFFFF0B0001FFF703C400
                )

            [1] => Array
                (
                    [0] => 0
                    [1] => E669EF1B414D
                    [2] => -48
                    [3] => 0201061AFFFFFF0215FDA50693A4E24FB1AFCFC6EB07647825271B4CB9C9
                )

            [2] => Array
                (
                    [0] => 0
                    [1] => E669EF1B414D
                    [2] => -48
                    [3] => 0201060BFFFFFF0B0001FFF703C200
                )

            [3] => Array
                (
                    [0] => 0
                    [1] => E669EF1B414D
                    [2] => -48
                    [3] => 0201061AFFFFFF0215FDA50693A4E24FB1AFCFC6EB07647825271B4CB9C9
                )

            [4] => Array
                (
                    [0] => 0
                    [1] => E669EF1B414D
                    [2] => -50
                    [3] => 0201060BFFFFFF0B0000FFF703C000
                )

        )

    [rssi] => -48
)


============================================================
=== PACCHETTO 4 / 10 ===
=== 2026-04-17 10:17:44 ===
============================================================

RAW BODY:
{"v":1,"mid":5023,"time":6259,"ip":"192.168.1.23","mac":"24D7EB1C9E9C","devices":[[0,"E669EF1B414D",-50,"0201061AFFFFFF0215FDA50693A4E24FB1AFCFC6EB07647825271B4CB9C9"],[0,"E669EF1B414D",-47,"0201060BFFFFFF0B0001FFF703C000"],[0,"E669EF1B414D",-47,"0201061AFFFFFF0215FDA50693A4E24FB1AFCFC6EB07647825271B4CB9C9"],[0,"E669EF1B414D",-44,"0201060BFFFFFF0B0001FFFD03BE00"],[0,"E669EF1B414D",-47,"0201061AFFFFFF0215FDA50693A4E24FB1AFCFC6EB07647825271B4CB9C9"]],"rssi":-49}

JSON DECODED:
Array
(
    [v] => 1
    [mid] => 5023
    [time] => 6259
    [ip] => 192.168.1.23
    [mac] => 24D7EB1C9E9C
    [devices] => Array
        (
            [0] => Array
                (
                    [0] => 0
                    [1] => E669EF1B414D
                    [2] => -50
                    [3] => 0201061AFFFFFF0215FDA50693A4E24FB1AFCFC6EB07647825271B4CB9C9
                )

            [1] => Array
                (
                    [0] => 0
                    [1] => E669EF1B414D
                    [2] => -47
                    [3] => 0201060BFFFFFF0B0001FFF703C000
                )

            [2] => Array
                (
                    [0] => 0
                    [1] => E669EF1B414D
                    [2] => -47
                    [3] => 0201061AFFFFFF0215FDA50693A4E24FB1AFCFC6EB07647825271B4CB9C9
                )

            [3] => Array
                (
                    [0] => 0
                    [1] => E669EF1B414D
                    [2] => -44
                    [3] => 0201060BFFFFFF0B0001FFFD03BE00
                )

            [4] => Array
                (
                    [0] => 0
                    [1] => E669EF1B414D
                    [2] => -47
                    [3] => 0201061AFFFFFF0215FDA50693A4E24FB1AFCFC6EB07647825271B4CB9C9
                )

        )

    [rssi] => -49
)


============================================================
=== PACCHETTO 5 / 10 ===
=== 2026-04-17 10:17:45 ===
============================================================

RAW BODY:
{"v":1,"mid":5024,"time":6260,"ip":"192.168.1.23","mac":"24D7EB1C9E9C","devices":[[0,"E669EF1B414D",-50,"0201060BFFFFFF0B0003FFF503C200"],[0,"E669EF1B414D",-51,"0201061AFFFFFF0215FDA50693A4E24FB1AFCFC6EB07647825271B4CB9C9"],[0,"E669EF1B414D",-47,"0201060BFFFFFF0B0007FFF703C000"],[0,"E669EF1B414D",-46,"0201061AFFFFFF0215FDA50693A4E24FB1AFCFC6EB07647825271B4CB9C9"],[0,"E669EF1B414D",-47,"0201060BFFFFFF0B0003FFFB03C600"]],"rssi":-46}

JSON DECODED:
Array
(
    [v] => 1
    [mid] => 5024
    [time] => 6260
    [ip] => 192.168.1.23
    [mac] => 24D7EB1C9E9C
    [devices] => Array
        (
            [0] => Array
                (
                    [0] => 0
                    [1] => E669EF1B414D
                    [2] => -50
                    [3] => 0201060BFFFFFF0B0003FFF503C200
                )

            [1] => Array
                (
                    [0] => 0
                    [1] => E669EF1B414D
                    [2] => -51
                    [3] => 0201061AFFFFFF0215FDA50693A4E24FB1AFCFC6EB07647825271B4CB9C9
                )

            [2] => Array
                (
                    [0] => 0
                    [1] => E669EF1B414D
                    [2] => -47
                    [3] => 0201060BFFFFFF0B0007FFF703C000
                )

            [3] => Array
                (
                    [0] => 0
                    [1] => E669EF1B414D
                    [2] => -46
                    [3] => 0201061AFFFFFF0215FDA50693A4E24FB1AFCFC6EB07647825271B4CB9C9
                )

            [4] => Array
                (
                    [0] => 0
                    [1] => E669EF1B414D
                    [2] => -47
                    [3] => 0201060BFFFFFF0B0003FFFB03C600
                )

        )

    [rssi] => -46
)


============================================================
=== PACCHETTO 6 / 10 ===
=== 2026-04-17 10:17:46 ===
============================================================

RAW BODY:
{"v":1,"mid":5025,"time":6261,"ip":"192.168.1.23","mac":"24D7EB1C9E9C","devices":[[0,"E669EF1B414D",-49,"0201061AFFFFFF0215FDA50693A4E24FB1AFCFC6EB07647825271B4CB9C9"],[0,"E669EF1B414D",-50,"0201060BFFFFFF0B0001FFF103C000"],[0,"E669EF1B414D",-50,"0201061AFFFFFF0215FDA50693A4E24FB1AFCFC6EB07647825271B4CB9C9"],[0,"E669EF1B414D",-47,"0201060BFFFFFF0B0003FFF703C200"],[0,"E669EF1B414D",-47,"0201061AFFFFFF0215FDA50693A4E24FB1AFCFC6EB07647825271B4CB9C9"]],"rssi":-47}

JSON DECODED:
Array
(
    [v] => 1
    [mid] => 5025
    [time] => 6261
    [ip] => 192.168.1.23
    [mac] => 24D7EB1C9E9C
    [devices] => Array
        (
            [0] => Array
                (
                    [0] => 0
                    [1] => E669EF1B414D
                    [2] => -49
                    [3] => 0201061AFFFFFF0215FDA50693A4E24FB1AFCFC6EB07647825271B4CB9C9
                )

            [1] => Array
                (
                    [0] => 0
                    [1] => E669EF1B414D
                    [2] => -50
                    [3] => 0201060BFFFFFF0B0001FFF103C000
                )

            [2] => Array
                (
                    [0] => 0
                    [1] => E669EF1B414D
                    [2] => -50
                    [3] => 0201061AFFFFFF0215FDA50693A4E24FB1AFCFC6EB07647825271B4CB9C9
                )

            [3] => Array
                (
                    [0] => 0
                    [1] => E669EF1B414D
                    [2] => -47
                    [3] => 0201060BFFFFFF0B0003FFF703C200
                )

            [4] => Array
                (
                    [0] => 0
                    [1] => E669EF1B414D
                    [2] => -47
                    [3] => 0201061AFFFFFF0215FDA50693A4E24FB1AFCFC6EB07647825271B4CB9C9
                )

        )

    [rssi] => -47
)


============================================================
=== PACCHETTO 7 / 10 ===
=== 2026-04-17 10:17:47 ===
============================================================

RAW BODY:
{"v":1,"mid":5026,"time":6263,"ip":"192.168.1.23","mac":"24D7EB1C9E9C","devices":[[0,"E669EF1B414D",-48,"0201060BFFFFFF0B0000FFF303C200"],[0,"E669EF1B414D",-47,"0201061AFFFFFF0215FDA50693A4E24FB1AFCFC6EB07647825271B4CB9C9"],[0,"E669EF1B414D",-49,"0201060BFFFFFF0B0001FFF703C400"],[0,"E669EF1B414D",-50,"0201061AFFFFFF0215FDA50693A4E24FB1AFCFC6EB07647825271B4CB9C9"],[0,"E669EF1B414D",-47,"0201060BFFFFFF0B0005FFFB03C200"]],"rssi":-45}

JSON DECODED:
Array
(
    [v] => 1
    [mid] => 5026
    [time] => 6263
    [ip] => 192.168.1.23
    [mac] => 24D7EB1C9E9C
    [devices] => Array
        (
            [0] => Array
                (
                    [0] => 0
                    [1] => E669EF1B414D
                    [2] => -48
                    [3] => 0201060BFFFFFF0B0000FFF303C200
                )

            [1] => Array
                (
                    [0] => 0
                    [1] => E669EF1B414D
                    [2] => -47
                    [3] => 0201061AFFFFFF0215FDA50693A4E24FB1AFCFC6EB07647825271B4CB9C9
                )

            [2] => Array
                (
                    [0] => 0
                    [1] => E669EF1B414D
                    [2] => -49
                    [3] => 0201060BFFFFFF0B0001FFF703C400
                )

            [3] => Array
                (
                    [0] => 0
                    [1] => E669EF1B414D
                    [2] => -50
                    [3] => 0201061AFFFFFF0215FDA50693A4E24FB1AFCFC6EB07647825271B4CB9C9
                )

            [4] => Array
                (
                    [0] => 0
                    [1] => E669EF1B414D
                    [2] => -47
                    [3] => 0201060BFFFFFF0B0005FFFB03C200
                )

        )

    [rssi] => -45
)


============================================================
=== PACCHETTO 8 / 10 ===
=== 2026-04-17 10:17:49 ===
============================================================

RAW BODY:
{"v":1,"mid":5027,"time":6264,"ip":"192.168.1.23","mac":"24D7EB1C9E9C","devices":[[0,"E669EF1B414D",-47,"0201061AFFFFFF0215FDA50693A4E24FB1AFCFC6EB07647825271B4CB9C9"],[0,"E669EF1B414D",-47,"0201061AFFFFFF0215FDA50693A4E24FB1AFCFC6EB07647825271B4CB9C9"],[0,"E669EF1B414D",-50,"0201060BFFFFFF0B0005FFF703C400"]],"rssi":-44}

JSON DECODED:
Array
(
    [v] => 1
    [mid] => 5027
    [time] => 6264
    [ip] => 192.168.1.23
    [mac] => 24D7EB1C9E9C
    [devices] => Array
        (
            [0] => Array
                (
                    [0] => 0
                    [1] => E669EF1B414D
                    [2] => -47
                    [3] => 0201061AFFFFFF0215FDA50693A4E24FB1AFCFC6EB07647825271B4CB9C9
                )

            [1] => Array
                (
                    [0] => 0
                    [1] => E669EF1B414D
                    [2] => -47
                    [3] => 0201061AFFFFFF0215FDA50693A4E24FB1AFCFC6EB07647825271B4CB9C9
                )

            [2] => Array
                (
                    [0] => 0
                    [1] => E669EF1B414D
                    [2] => -50
                    [3] => 0201060BFFFFFF0B0005FFF703C400
                )

        )

    [rssi] => -44
)


============================================================
=== PACCHETTO 9 / 10 ===
=== 2026-04-17 10:17:50 ===
============================================================

RAW BODY:
{"v":1,"mid":5028,"time":6265,"ip":"192.168.1.23","mac":"24D7EB1C9E9C","devices":[[0,"E669EF1B414D",-48,"0201061AFFFFFF0215FDA50693A4E24FB1AFCFC6EB07647825271B4CB9C9"],[0,"E669EF1B414D",-46,"0201060BFFFFFF0B0000FFF703C400"],[0,"E669EF1B414D",-46,"0201061AFFFFFF0215FDA50693A4E24FB1AFCFC6EB07647825271B4CB9C9"],[0,"E669EF1B414D",-47,"0201060BFFFFFF0B0000FFF903C400"],[0,"E669EF1B414D",-47,"0201061AFFFFFF0215FDA50693A4E24FB1AFCFC6EB07647825271B4CB9C9"]],"rssi":-46}

JSON DECODED:
Array
(
    [v] => 1
    [mid] => 5028
    [time] => 6265
    [ip] => 192.168.1.23
    [mac] => 24D7EB1C9E9C
    [devices] => Array
        (
            [0] => Array
                (
                    [0] => 0
                    [1] => E669EF1B414D
                    [2] => -48
                    [3] => 0201061AFFFFFF0215FDA50693A4E24FB1AFCFC6EB07647825271B4CB9C9
                )

            [1] => Array
                (
                    [0] => 0
                    [1] => E669EF1B414D
                    [2] => -46
                    [3] => 0201060BFFFFFF0B0000FFF703C400
                )

            [2] => Array
                (
                    [0] => 0
                    [1] => E669EF1B414D
                    [2] => -46
                    [3] => 0201061AFFFFFF0215FDA50693A4E24FB1AFCFC6EB07647825271B4CB9C9
                )

            [3] => Array
                (
                    [0] => 0
                    [1] => E669EF1B414D
                    [2] => -47
                    [3] => 0201060BFFFFFF0B0000FFF903C400
                )

            [4] => Array
                (
                    [0] => 0
                    [1] => E669EF1B414D
                    [2] => -47
                    [3] => 0201061AFFFFFF0215FDA50693A4E24FB1AFCFC6EB07647825271B4CB9C9
                )

        )

    [rssi] => -46
)


============================================================
=== PACCHETTO 10 / 10 ===
=== 2026-04-17 10:17:51 ===
============================================================

RAW BODY:
{"v":1,"mid":5029,"time":6266,"ip":"192.168.1.23","mac":"24D7EB1C9E9C","devices":[[0,"E669EF1B414D",-49,"0201060BFFFFFF0B0001FFF503C200"],[0,"E669EF1B414D",-48,"0201061AFFFFFF0215FDA50693A4E24FB1AFCFC6EB07647825271B4CB9C9"],[0,"E669EF1B414D",-46,"0201060BFFFFFF0B0003FFF903C600"],[0,"E669EF1B414D",-47,"0201061AFFFFFF0215FDA50693A4E24FB1AFCFC6EB07647825271B4CB9C9"],[0,"E669EF1B414D",-47,"0201060BFFFFFF0B0007FFF903BE00"]],"rssi":-48}

JSON DECODED:
Array
(
    [v] => 1
    [mid] => 5029
    [time] => 6266
    [ip] => 192.168.1.23
    [mac] => 24D7EB1C9E9C
    [devices] => Array
        (
            [0] => Array
                (
                    [0] => 0
                    [1] => E669EF1B414D
                    [2] => -49
                    [3] => 0201060BFFFFFF0B0001FFF503C200
                )

            [1] => Array
                (
                    [0] => 0
                    [1] => E669EF1B414D
                    [2] => -48
                    [3] => 0201061AFFFFFF0215FDA50693A4E24FB1AFCFC6EB07647825271B4CB9C9
                )

            [2] => Array
                (
                    [0] => 0
                    [1] => E669EF1B414D
                    [2] => -46
                    [3] => 0201060BFFFFFF0B0003FFF903C600
                )

            [3] => Array
                (
                    [0] => 0
                    [1] => E669EF1B414D
                    [2] => -47
                    [3] => 0201061AFFFFFF0215FDA50693A4E24FB1AFCFC6EB07647825271B4CB9C9
                )

            [4] => Array
                (
                    [0] => 0
                    [1] => E669EF1B414D
                    [2] => -47
                    [3] => 0201060BFFFFFF0B0007FFF903BE00
                )

        )

    [rssi] => -48
)

