
============================================================
=== PACCHETTO 1 / 10 ===
=== 2026-04-17 13:11:55 ===
============================================================

RAW BODY:
{"v":1,"mid":1,"time":26,"ip":"192.168.1.23","mac":"24D7EB1C9E9C","devices":[[0,"E669EF1B414D",-76,"0201061AFFFFFF0215FDA50693A4E24FB1AFCFC6EB07647825271B4CB9C9"],[0,"E669EF1B414D",-76,"0201060BFFFFFF0B0007000103C600"],[0,"E669EF1B414D",-82,"0201061AFFFFFF0215FDA50693A4E24FB1AFCFC6EB07647825271B4CB9C9"],[0,"E669EF1B414D",-81,"0201060BFFFFFF0B0001000903BE00"],[0,"E669EF1B414D",-77,"0201061AFFFFFF0215FDA50693A4E24FB1AFCFC6EB07647825271B4CB9C9"],[0,"E669EF1B414D",-78,"0201060BFFFFFF0B0003000103C000"],[0,"E669EF1B414D",-77,"0201061AFFFFFF0215FDA50693A4E24FB1AFCFC6EB07647825271B4CB9C9"],[0,"E669EF1B414D",-76,"0201060BFFFFFF0B0003000303C400"],[0,"E669EF1B414D",-81,"0201061AFFFFFF0215FDA50693A4E24FB1AFCFC6EB07647825271B4CB9C9"],[0,"E669EF1B414D",-81,"0201060BFFFFFF0B0003000903C200"],[0,"E669EF1B414D",-78,"0201061AFFFFFF0215FDA50693A4E24FB1AFCFC6EB07647825271B4CB9C9"],[0,"E669EF1B414D",-78,"0201060BFFFFFF0B0001000903C200"],[0,"E669EF1B414D",-76,"0201061AFFFFFF0215FDA50693A4E24FB1AFCFC6EB07647825271B4CB9C9"],[0,"E669EF1B414D",-76,"0201060BFFFFFF0B0005000503BD00"],[0,"E669EF1B414D",-81,"0201061AFFFFFF0215FDA50693A4E24FB1AFCFC6EB07647825271B4CB9C9"],[0,"E669EF1B414D",-81,"0201060BFFFFFF0B0005000503BD00"],[0,"E669EF1B414D",-78,"0201061AFFFFFF0215FDA50693A4E24FB1AFCFC6EB07647825271B4CB9C9"],[0,"E669EF1B414D",-78,"0201060BFFFFFF0B0003000703C200"],[0,"E669EF1B414D",-76,"0201060BFFFFFF0B0003000703C000"],[0,"E669EF1B414D",-81,"0201061AFFFFFF0215FDA50693A4E24FB1AFCFC6EB07647825271B4CB9C9"],[0,"E669EF1B414D",-81,"0201060BFFFFFF0B0003000503C600"],[0,"E669EF1B414D",-76,"0201061AFFFFFF0215FDA50693A4E24FB1AFCFC6EB07647825271B4CB9C9"],[0,"E669EF1B414D",-76,"0201060BFFFFFF0B0001000103C000"],[0,"E669EF1B414D",-81,"0201060BFFFFFF0B0007000703C000"],[0,"E669EF1B414D",-77,"0201061AFFFFFF0215FDA50693A4E24FB1AFCFC6EB07647825271B4CB9C9"],[0,"E669EF1B414D",-78,"0201060BFFFFFF0B0003000903C000"],[0,"E669EF1B414D",-77,"0201061AFFFFFF0215FDA50693A4E24FB1AFCFC6EB07647825271B4CB9C9"],[0,"E669EF1B414D",-77,"0201060BFFFFFF0B0003000B03BE00"],[0,"E669EF1B414D",-82,"0201061AFFFFFF0215FDA50693A4E24FB1AFCFC6EB07647825271B4CB9C9"],[0,"E669EF1B414D",-82,"0201060BFFFFFF0B0003000303C800"],[0,"E669EF1B414D",-77,"0201061AFFFFFF0215FDA50693A4E24FB1AFCFC6EB07647825271B4CB9C9"],[0,"E669EF1B414D",-77,"0201060BFFFFFF0B0005000503BE00"],[0,"E669EF1B414D",-76,"0201061AFFFFFF0215FDA50693A4E24FB1AFCFC6EB07647825271B4CB9C9"],[0,"E669EF1B414D",-76,"0201060BFFFFFF0B0005000303C600"],[0,"E669EF1B414D",-82,"0201061AFFFFFF0215FDA50693A4E24FB1AFCFC6EB07647825271B4CB9C9"],[0,"E669EF1B414D",-77,"0201061AFFFFFF0215FDA50693A4E24FB1AFCFC6EB07647825271B4CB9C9"],[0,"E669EF1B414D",-78,"0201060BFFFFFF0B0005000B03C000"],[0,"E669EF1B414D",-76,"0201061AFFFFFF0215FDA50693A4E24FB1AFCFC6EB07647825271B4CB9C9"],[0,"E669EF1B414D",-82,"0201060BFFFFFF0B0003000303C400"],[0,"E669EF1B414D",-78,"0201061AFFFFFF0215FDA50693A4E24FB1AFCFC6EB07647825271B4CB9C9"],[0,"E669EF1B414D",-78,"0201060BFFFFFF0B0007000903C400"]],"rssi":-60}

JSON DECODED:
Array
(
    [v] => 1
    [mid] => 1
    [time] => 26
    [ip] => 192.168.1.23
    [mac] => 24D7EB1C9E9C
    [devices] => Array
        (
            [0] => Array
                (
                    [0] => 0
                    [1] => E669EF1B414D
                    [2] => -76
                    [3] => 0201061AFFFFFF0215FDA50693A4E24FB1AFCFC6EB07647825271B4CB9C9
                )

            [1] => Array
                (
                    [0] => 0
                    [1] => E669EF1B414D
                    [2] => -76
                    [3] => 0201060BFFFFFF0B0007000103C600
                )

            [2] => Array
                (
                    [0] => 0
                    [1] => E669EF1B414D
                    [2] => -82
                    [3] => 0201061AFFFFFF0215FDA50693A4E24FB1AFCFC6EB07647825271B4CB9C9
                )

            [3] => Array
                (
                    [0] => 0
                    [1] => E669EF1B414D
                    [2] => -81
                    [3] => 0201060BFFFFFF0B0001000903BE00
                )

            [4] => Array
                (
                    [0] => 0
                    [1] => E669EF1B414D
                    [2] => -77
                    [3] => 0201061AFFFFFF0215FDA50693A4E24FB1AFCFC6EB07647825271B4CB9C9
                )

            [5] => Array
                (
                    [0] => 0
                    [1] => E669EF1B414D
                    [2] => -78
                    [3] => 0201060BFFFFFF0B0003000103C000
                )

            [6] => Array
                (
                    [0] => 0
                    [1] => E669EF1B414D
                    [2] => -77
                    [3] => 0201061AFFFFFF0215FDA50693A4E24FB1AFCFC6EB07647825271B4CB9C9
                )

            [7] => Array
                (
                    [0] => 0
                    [1] => E669EF1B414D
                    [2] => -76
                    [3] => 0201060BFFFFFF0B0003000303C400
                )

            [8] => Array
                (
                    [0] => 0
                    [1] => E669EF1B414D
                    [2] => -81
                    [3] => 0201061AFFFFFF0215FDA50693A4E24FB1AFCFC6EB07647825271B4CB9C9
                )

            [9] => Array
                (
                    [0] => 0
                    [1] => E669EF1B414D
                    [2] => -81
                    [3] => 0201060BFFFFFF0B0003000903C200
                )

            [10] => Array
                (
                    [0] => 0
                    [1] => E669EF1B414D
                    [2] => -78
                    [3] => 0201061AFFFFFF0215FDA50693A4E24FB1AFCFC6EB07647825271B4CB9C9
                )

            [11] => Array
                (
                    [0] => 0
                    [1] => E669EF1B414D
                    [2] => -78
                    [3] => 0201060BFFFFFF0B0001000903C200
                )

            [12] => Array
                (
                    [0] => 0
                    [1] => E669EF1B414D
                    [2] => -76
                    [3] => 0201061AFFFFFF0215FDA50693A4E24FB1AFCFC6EB07647825271B4CB9C9
                )

            [13] => Array
                (
                    [0] => 0
                    [1] => E669EF1B414D
                    [2] => -76
                    [3] => 0201060BFFFFFF0B0005000503BD00
                )

            [14] => Array
                (
                    [0] => 0
                    [1] => E669EF1B414D
                    [2] => -81
                    [3] => 0201061AFFFFFF0215FDA50693A4E24FB1AFCFC6EB07647825271B4CB9C9
                )

            [15] => Array
                (
                    [0] => 0
                    [1] => E669EF1B414D
                    [2] => -81
                    [3] => 0201060BFFFFFF0B0005000503BD00
                )

            [16] => Array
                (
                    [0] => 0
                    [1] => E669EF1B414D
                    [2] => -78
                    [3] => 0201061AFFFFFF0215FDA50693A4E24FB1AFCFC6EB07647825271B4CB9C9
                )

            [17] => Array
                (
                    [0] => 0
                    [1] => E669EF1B414D
                    [2] => -78
                    [3] => 0201060BFFFFFF0B0003000703C200
                )

            [18] => Array
                (
                    [0] => 0
                    [1] => E669EF1B414D
                    [2] => -76
                    [3] => 0201060BFFFFFF0B0003000703C000
                )

            [19] => Array
                (
                    [0] => 0
                    [1] => E669EF1B414D
                    [2] => -81
                    [3] => 0201061AFFFFFF0215FDA50693A4E24FB1AFCFC6EB07647825271B4CB9C9
                )

            [20] => Array
                (
                    [0] => 0
                    [1] => E669EF1B414D
                    [2] => -81
                    [3] => 0201060BFFFFFF0B0003000503C600
                )

            [21] => Array
                (
                    [0] => 0
                    [1] => E669EF1B414D
                    [2] => -76
                    [3] => 0201061AFFFFFF0215FDA50693A4E24FB1AFCFC6EB07647825271B4CB9C9
                )

            [22] => Array
                (
                    [0] => 0
                    [1] => E669EF1B414D
                    [2] => -76
                    [3] => 0201060BFFFFFF0B0001000103C000
                )

            [23] => Array
                (
                    [0] => 0
                    [1] => E669EF1B414D
                    [2] => -81
                    [3] => 0201060BFFFFFF0B0007000703C000
                )

            [24] => Array
                (
                    [0] => 0
                    [1] => E669EF1B414D
                    [2] => -77
                    [3] => 0201061AFFFFFF0215FDA50693A4E24FB1AFCFC6EB07647825271B4CB9C9
                )

            [25] => Array
                (
                    [0] => 0
                    [1] => E669EF1B414D
                    [2] => -78
                    [3] => 0201060BFFFFFF0B0003000903C000
                )

            [26] => Array
                (
                    [0] => 0
                    [1] => E669EF1B414D
                    [2] => -77
                    [3] => 0201061AFFFFFF0215FDA50693A4E24FB1AFCFC6EB07647825271B4CB9C9
                )

            [27] => Array
                (
                    [0] => 0
                    [1] => E669EF1B414D
                    [2] => -77
                    [3] => 0201060BFFFFFF0B0003000B03BE00
                )

            [28] => Array
                (
                    [0] => 0
                    [1] => E669EF1B414D
                    [2] => -82
                    [3] => 0201061AFFFFFF0215FDA50693A4E24FB1AFCFC6EB07647825271B4CB9C9
                )

            [29] => Array
                (
                    [0] => 0
                    [1] => E669EF1B414D
                    [2] => -82
                    [3] => 0201060BFFFFFF0B0003000303C800
                )

            [30] => Array
                (
                    [0] => 0
                    [1] => E669EF1B414D
                    [2] => -77
                    [3] => 0201061AFFFFFF0215FDA50693A4E24FB1AFCFC6EB07647825271B4CB9C9
                )

            [31] => Array
                (
                    [0] => 0
                    [1] => E669EF1B414D
                    [2] => -77
                    [3] => 0201060BFFFFFF0B0005000503BE00
                )

            [32] => Array
                (
                    [0] => 0
                    [1] => E669EF1B414D
                    [2] => -76
                    [3] => 0201061AFFFFFF0215FDA50693A4E24FB1AFCFC6EB07647825271B4CB9C9
                )

            [33] => Array
                (
                    [0] => 0
                    [1] => E669EF1B414D
                    [2] => -76
                    [3] => 0201060BFFFFFF0B0005000303C600
                )

            [34] => Array
                (
                    [0] => 0
                    [1] => E669EF1B414D
                    [2] => -82
                    [3] => 0201061AFFFFFF0215FDA50693A4E24FB1AFCFC6EB07647825271B4CB9C9
                )

            [35] => Array
                (
                    [0] => 0
                    [1] => E669EF1B414D
                    [2] => -77
                    [3] => 0201061AFFFFFF0215FDA50693A4E24FB1AFCFC6EB07647825271B4CB9C9
                )

            [36] => Array
                (
                    [0] => 0
                    [1] => E669EF1B414D
                    [2] => -78
                    [3] => 0201060BFFFFFF0B0005000B03C000
                )

            [37] => Array
                (
                    [0] => 0
                    [1] => E669EF1B414D
                    [2] => -76
                    [3] => 0201061AFFFFFF0215FDA50693A4E24FB1AFCFC6EB07647825271B4CB9C9
                )

            [38] => Array
                (
                    [0] => 0
                    [1] => E669EF1B414D
                    [2] => -82
                    [3] => 0201060BFFFFFF0B0003000303C400
                )

            [39] => Array
                (
                    [0] => 0
                    [1] => E669EF1B414D
                    [2] => -78
                    [3] => 0201061AFFFFFF0215FDA50693A4E24FB1AFCFC6EB07647825271B4CB9C9
                )

            [40] => Array
                (
                    [0] => 0
                    [1] => E669EF1B414D
                    [2] => -78
                    [3] => 0201060BFFFFFF0B0007000903C400
                )

        )

    [rssi] => -60
)


============================================================
=== PACCHETTO 2 / 10 ===
=== 2026-04-17 13:11:56 ===
============================================================

RAW BODY:
{"v":1,"mid":2,"time":30,"ip":"192.168.1.23","mac":"24D7EB1C9E9C","devices":[[0,"E669EF1B414D",-77,"0201060BFFFFFF0B0005000903C600"],[0,"E669EF1B414D",-82,"0201060BFFFFFF0B0003000703C000"],[0,"E669EF1B414D",-77,"0201060BFFFFFF0B0003000103C200"],[0,"E669EF1B414D",-76,"0201061AFFFFFF0215FDA50693A4E24FB1AFCFC6EB07647825271B4CB9C9"],[0,"E669EF1B414D",-76,"0201060BFFFFFF0B0005000703CA00"],[0,"E669EF1B414D",-82,"0201060BFFFFFF0B0005000103BB00"],[0,"E669EF1B414D",-77,"0201060BFFFFFF0B0003000503C600"],[0,"E669EF1B414D",-82,"0201061AFFFFFF0215FDA50693A4E24FB1AFCFC6EB07647825271B4CB9C9"],[0,"E669EF1B414D",-77,"0201061AFFFFFF0215FDA50693A4E24FB1AFCFC6EB07647825271B4CB9C9"],[0,"E669EF1B414D",-78,"0201060BFFFFFF0B0001000303C400"],[0,"E669EF1B414D",-77,"0201061AFFFFFF0215FDA50693A4E24FB1AFCFC6EB07647825271B4CB9C9"]],"rssi":-59}

JSON DECODED:
Array
(
    [v] => 1
    [mid] => 2
    [time] => 30
    [ip] => 192.168.1.23
    [mac] => 24D7EB1C9E9C
    [devices] => Array
        (
            [0] => Array
                (
                    [0] => 0
                    [1] => E669EF1B414D
                    [2] => -77
                    [3] => 0201060BFFFFFF0B0005000903C600
                )

            [1] => Array
                (
                    [0] => 0
                    [1] => E669EF1B414D
                    [2] => -82
                    [3] => 0201060BFFFFFF0B0003000703C000
                )

            [2] => Array
                (
                    [0] => 0
                    [1] => E669EF1B414D
                    [2] => -77
                    [3] => 0201060BFFFFFF0B0003000103C200
                )

            [3] => Array
                (
                    [0] => 0
                    [1] => E669EF1B414D
                    [2] => -76
                    [3] => 0201061AFFFFFF0215FDA50693A4E24FB1AFCFC6EB07647825271B4CB9C9
                )

            [4] => Array
                (
                    [0] => 0
                    [1] => E669EF1B414D
                    [2] => -76
                    [3] => 0201060BFFFFFF0B0005000703CA00
                )

            [5] => Array
                (
                    [0] => 0
                    [1] => E669EF1B414D
                    [2] => -82
                    [3] => 0201060BFFFFFF0B0005000103BB00
                )

            [6] => Array
                (
                    [0] => 0
                    [1] => E669EF1B414D
                    [2] => -77
                    [3] => 0201060BFFFFFF0B0003000503C600
                )

            [7] => Array
                (
                    [0] => 0
                    [1] => E669EF1B414D
                    [2] => -82
                    [3] => 0201061AFFFFFF0215FDA50693A4E24FB1AFCFC6EB07647825271B4CB9C9
                )

            [8] => Array
                (
                    [0] => 0
                    [1] => E669EF1B414D
                    [2] => -77
                    [3] => 0201061AFFFFFF0215FDA50693A4E24FB1AFCFC6EB07647825271B4CB9C9
                )

            [9] => Array
                (
                    [0] => 0
                    [1] => E669EF1B414D
                    [2] => -78
                    [3] => 0201060BFFFFFF0B0001000303C400
                )

            [10] => Array
                (
                    [0] => 0
                    [1] => E669EF1B414D
                    [2] => -77
                    [3] => 0201061AFFFFFF0215FDA50693A4E24FB1AFCFC6EB07647825271B4CB9C9
                )

        )

    [rssi] => -59
)


============================================================
=== PACCHETTO 3 / 10 ===
=== 2026-04-17 13:11:57 ===
============================================================

RAW BODY:
{"v":1,"mid":3,"time":32,"ip":"192.168.1.23","mac":"24D7EB1C9E9C","devices":[[0,"E669EF1B414D",-77,"0201060BFFFFFF0B0005000303C400"],[0,"E669EF1B414D",-82,"0201060BFFFFFF0B0003000503C200"],[0,"E669EF1B414D",-78,"0201061AFFFFFF0215FDA50693A4E24FB1AFCFC6EB07647825271B4CB9C9"],[0,"E669EF1B414D",-78,"0201060BFFFFFF0B0005000503C400"]],"rssi":-61}

JSON DECODED:
Array
(
    [v] => 1
    [mid] => 3
    [time] => 32
    [ip] => 192.168.1.23
    [mac] => 24D7EB1C9E9C
    [devices] => Array
        (
            [0] => Array
                (
                    [0] => 0
                    [1] => E669EF1B414D
                    [2] => -77
                    [3] => 0201060BFFFFFF0B0005000303C400
                )

            [1] => Array
                (
                    [0] => 0
                    [1] => E669EF1B414D
                    [2] => -82
                    [3] => 0201060BFFFFFF0B0003000503C200
                )

            [2] => Array
                (
                    [0] => 0
                    [1] => E669EF1B414D
                    [2] => -78
                    [3] => 0201061AFFFFFF0215FDA50693A4E24FB1AFCFC6EB07647825271B4CB9C9
                )

            [3] => Array
                (
                    [0] => 0
                    [1] => E669EF1B414D
                    [2] => -78
                    [3] => 0201060BFFFFFF0B0005000503C400
                )

        )

    [rssi] => -61
)


============================================================
=== PACCHETTO 4 / 10 ===
=== 2026-04-17 13:11:59 ===
============================================================

RAW BODY:
{"v":1,"mid":4,"time":33,"ip":"192.168.1.23","mac":"24D7EB1C9E9C","devices":[[0,"E669EF1B414D",-76,"0201061AFFFFFF0215FDA50693A4E24FB1AFCFC6EB07647825271B4CB9C9"],[0,"E669EF1B414D",-82,"0201060BFFFFFF0B0003000903C400"],[0,"E669EF1B414D",-78,"0201061AFFFFFF0215FDA50693A4E24FB1AFCFC6EB07647825271B4CB9C9"]],"rssi":-61}

JSON DECODED:
Array
(
    [v] => 1
    [mid] => 4
    [time] => 33
    [ip] => 192.168.1.23
    [mac] => 24D7EB1C9E9C
    [devices] => Array
        (
            [0] => Array
                (
                    [0] => 0
                    [1] => E669EF1B414D
                    [2] => -76
                    [3] => 0201061AFFFFFF0215FDA50693A4E24FB1AFCFC6EB07647825271B4CB9C9
                )

            [1] => Array
                (
                    [0] => 0
                    [1] => E669EF1B414D
                    [2] => -82
                    [3] => 0201060BFFFFFF0B0003000903C400
                )

            [2] => Array
                (
                    [0] => 0
                    [1] => E669EF1B414D
                    [2] => -78
                    [3] => 0201061AFFFFFF0215FDA50693A4E24FB1AFCFC6EB07647825271B4CB9C9
                )

        )

    [rssi] => -61
)


============================================================
=== PACCHETTO 5 / 10 ===
=== 2026-04-17 13:12:01 ===
============================================================

RAW BODY:
{"v":1,"mid":5,"time":34,"ip":"192.168.1.23","mac":"24D7EB1C9E9C","devices":[[0,"E669EF1B414D",-76,"0201061AFFFFFF0215FDA50693A4E24FB1AFCFC6EB07647825271B4CB9C9"],[0,"E669EF1B414D",-76,"0201060BFFFFFF0B0005000903C200"],[0,"E669EF1B414D",-82,"0201061AFFFFFF0215FDA50693A4E24FB1AFCFC6EB07647825271B4CB9C9"],[0,"E669EF1B414D",-82,"0201060BFFFFFF0B0003000703C000"]],"rssi":-62}

JSON DECODED:
Array
(
    [v] => 1
    [mid] => 5
    [time] => 34
    [ip] => 192.168.1.23
    [mac] => 24D7EB1C9E9C
    [devices] => Array
        (
            [0] => Array
                (
                    [0] => 0
                    [1] => E669EF1B414D
                    [2] => -76
                    [3] => 0201061AFFFFFF0215FDA50693A4E24FB1AFCFC6EB07647825271B4CB9C9
                )

            [1] => Array
                (
                    [0] => 0
                    [1] => E669EF1B414D
                    [2] => -76
                    [3] => 0201060BFFFFFF0B0005000903C200
                )

            [2] => Array
                (
                    [0] => 0
                    [1] => E669EF1B414D
                    [2] => -82
                    [3] => 0201061AFFFFFF0215FDA50693A4E24FB1AFCFC6EB07647825271B4CB9C9
                )

            [3] => Array
                (
                    [0] => 0
                    [1] => E669EF1B414D
                    [2] => -82
                    [3] => 0201060BFFFFFF0B0003000703C000
                )

        )

    [rssi] => -62
)


============================================================
=== PACCHETTO 6 / 10 ===
=== 2026-04-17 13:12:02 ===
============================================================

RAW BODY:
{"v":1,"mid":6,"time":37,"ip":"192.168.1.23","mac":"24D7EB1C9E9C","devices":[[0,"E669EF1B414D",-78,"0201060BFFFFFF0B0005000703BD00"],[0,"E669EF1B414D",-77,"0201061AFFFFFF0215FDA50693A4E24FB1AFCFC6EB07647825271B4CB9C9"],[0,"E669EF1B414D",-83,"0201061AFFFFFF0215FDA50693A4E24FB1AFCFC6EB07647825271B4CB9C9"],[0,"E669EF1B414D",-83,"0201060BFFFFFF0B0003000703BD00"],[0,"E669EF1B414D",-78,"0201061AFFFFFF0215FDA50693A4E24FB1AFCFC6EB07647825271B4CB9C9"],[0,"E669EF1B414D",-78,"0201060BFFFFFF0B0005000503C600"],[0,"E669EF1B414D",-76,"0201061AFFFFFF0215FDA50693A4E24FB1AFCFC6EB07647825271B4CB9C9"]],"rssi":-61}

JSON DECODED:
Array
(
    [v] => 1
    [mid] => 6
    [time] => 37
    [ip] => 192.168.1.23
    [mac] => 24D7EB1C9E9C
    [devices] => Array
        (
            [0] => Array
                (
                    [0] => 0
                    [1] => E669EF1B414D
                    [2] => -78
                    [3] => 0201060BFFFFFF0B0005000703BD00
                )

            [1] => Array
                (
                    [0] => 0
                    [1] => E669EF1B414D
                    [2] => -77
                    [3] => 0201061AFFFFFF0215FDA50693A4E24FB1AFCFC6EB07647825271B4CB9C9
                )

            [2] => Array
                (
                    [0] => 0
                    [1] => E669EF1B414D
                    [2] => -83
                    [3] => 0201061AFFFFFF0215FDA50693A4E24FB1AFCFC6EB07647825271B4CB9C9
                )

            [3] => Array
                (
                    [0] => 0
                    [1] => E669EF1B414D
                    [2] => -83
                    [3] => 0201060BFFFFFF0B0003000703BD00
                )

            [4] => Array
                (
                    [0] => 0
                    [1] => E669EF1B414D
                    [2] => -78
                    [3] => 0201061AFFFFFF0215FDA50693A4E24FB1AFCFC6EB07647825271B4CB9C9
                )

            [5] => Array
                (
                    [0] => 0
                    [1] => E669EF1B414D
                    [2] => -78
                    [3] => 0201060BFFFFFF0B0005000503C600
                )

            [6] => Array
                (
                    [0] => 0
                    [1] => E669EF1B414D
                    [2] => -76
                    [3] => 0201061AFFFFFF0215FDA50693A4E24FB1AFCFC6EB07647825271B4CB9C9
                )

        )

    [rssi] => -61
)


============================================================
=== PACCHETTO 7 / 10 ===
=== 2026-04-17 13:12:10 ===
============================================================

RAW BODY:
{"v":1,"mid":7,"time":38,"ip":"192.168.1.23","mac":"24D7EB1C9E9C","devices":[[0,"E669EF1B414D",-82,"0201061AFFFFFF0215FDA50693A4E24FB1AFCFC6EB07647825271B4CB9C9"],[0,"E669EF1B414D",-83,"0201060BFFFFFF0B0005000903C000"],[0,"E669EF1B414D",-78,"0201061AFFFFFF0215FDA50693A4E24FB1AFCFC6EB07647825271B4CB9C9"],[0,"E669EF1B414D",-78,"0201060BFFFFFF0B0001000303C800"],[0,"E669EF1B414D",-76,"0201061AFFFFFF0215FDA50693A4E24FB1AFCFC6EB07647825271B4CB9C9"]],"rssi":-61}

JSON DECODED:
Array
(
    [v] => 1
    [mid] => 7
    [time] => 38
    [ip] => 192.168.1.23
    [mac] => 24D7EB1C9E9C
    [devices] => Array
        (
            [0] => Array
                (
                    [0] => 0
                    [1] => E669EF1B414D
                    [2] => -82
                    [3] => 0201061AFFFFFF0215FDA50693A4E24FB1AFCFC6EB07647825271B4CB9C9
                )

            [1] => Array
                (
                    [0] => 0
                    [1] => E669EF1B414D
                    [2] => -83
                    [3] => 0201060BFFFFFF0B0005000903C000
                )

            [2] => Array
                (
                    [0] => 0
                    [1] => E669EF1B414D
                    [2] => -78
                    [3] => 0201061AFFFFFF0215FDA50693A4E24FB1AFCFC6EB07647825271B4CB9C9
                )

            [3] => Array
                (
                    [0] => 0
                    [1] => E669EF1B414D
                    [2] => -78
                    [3] => 0201060BFFFFFF0B0001000303C800
                )

            [4] => Array
                (
                    [0] => 0
                    [1] => E669EF1B414D
                    [2] => -76
                    [3] => 0201061AFFFFFF0215FDA50693A4E24FB1AFCFC6EB07647825271B4CB9C9
                )

        )

    [rssi] => -61
)


============================================================
=== PACCHETTO 8 / 10 ===
=== 2026-04-17 13:12:12 ===
============================================================

RAW BODY:
{"v":1,"mid":9,"time":46,"ip":"192.168.1.23","mac":"24D7EB1C9E9C","devices":[[0,"E669EF1B414D",-77,"0201060BFFFFFF0B000B000303C600"],[0,"E669EF1B414D",-78,"0201061AFFFFFF0215FDA50693A4E24FB1AFCFC6EB07647825271B4CB9C9"],[0,"E669EF1B414D",-76,"0201060BFFFFFF0B0001000503C200"],[0,"E669EF1B414D",-83,"0201061AFFFFFF0215FDA50693A4E24FB1AFCFC6EB07647825271B4CB9C9"]],"rssi":-61}

JSON DECODED:
Array
(
    [v] => 1
    [mid] => 9
    [time] => 46
    [ip] => 192.168.1.23
    [mac] => 24D7EB1C9E9C
    [devices] => Array
        (
            [0] => Array
                (
                    [0] => 0
                    [1] => E669EF1B414D
                    [2] => -77
                    [3] => 0201060BFFFFFF0B000B000303C600
                )

            [1] => Array
                (
                    [0] => 0
                    [1] => E669EF1B414D
                    [2] => -78
                    [3] => 0201061AFFFFFF0215FDA50693A4E24FB1AFCFC6EB07647825271B4CB9C9
                )

            [2] => Array
                (
                    [0] => 0
                    [1] => E669EF1B414D
                    [2] => -76
                    [3] => 0201060BFFFFFF0B0001000503C200
                )

            [3] => Array
                (
                    [0] => 0
                    [1] => E669EF1B414D
                    [2] => -83
                    [3] => 0201061AFFFFFF0215FDA50693A4E24FB1AFCFC6EB07647825271B4CB9C9
                )

        )

    [rssi] => -61
)


============================================================
=== PACCHETTO 9 / 10 ===
=== 2026-04-17 13:12:14 ===
============================================================

RAW BODY:
{"v":1,"mid":10,"time":48,"ip":"192.168.1.23","mac":"24D7EB1C9E9C","devices":[[0,"E669EF1B414D",-83,"0201060BFFFFFF0B0003000303C200"],[0,"E669EF1B414D",-77,"0201061AFFFFFF0215FDA50693A4E24FB1AFCFC6EB07647825271B4CB9C9"],[0,"E669EF1B414D",-77,"0201060BFFFFFF0B0001000703C000"],[0,"E669EF1B414D",-76,"0201061AFFFFFF0215FDA50693A4E24FB1AFCFC6EB07647825271B4CB9C9"],[0,"E669EF1B414D",-76,"0201060BFFFFFF0B0001000703C000"],[0,"E669EF1B414D",-82,"0201061AFFFFFF0215FDA50693A4E24FB1AFCFC6EB07647825271B4CB9C9"],[0,"E669EF1B414D",-83,"0201060BFFFFFF0B0003000703C400"],[0,"E669EF1B414D",-77,"0201061AFFFFFF0215FDA50693A4E24FB1AFCFC6EB07647825271B4CB9C9"]],"rssi":-61}

JSON DECODED:
Array
(
    [v] => 1
    [mid] => 10
    [time] => 48
    [ip] => 192.168.1.23
    [mac] => 24D7EB1C9E9C
    [devices] => Array
        (
            [0] => Array
                (
                    [0] => 0
                    [1] => E669EF1B414D
                    [2] => -83
                    [3] => 0201060BFFFFFF0B0003000303C200
                )

            [1] => Array
                (
                    [0] => 0
                    [1] => E669EF1B414D
                    [2] => -77
                    [3] => 0201061AFFFFFF0215FDA50693A4E24FB1AFCFC6EB07647825271B4CB9C9
                )

            [2] => Array
                (
                    [0] => 0
                    [1] => E669EF1B414D
                    [2] => -77
                    [3] => 0201060BFFFFFF0B0001000703C000
                )

            [3] => Array
                (
                    [0] => 0
                    [1] => E669EF1B414D
                    [2] => -76
                    [3] => 0201061AFFFFFF0215FDA50693A4E24FB1AFCFC6EB07647825271B4CB9C9
                )

            [4] => Array
                (
                    [0] => 0
                    [1] => E669EF1B414D
                    [2] => -76
                    [3] => 0201060BFFFFFF0B0001000703C000
                )

            [5] => Array
                (
                    [0] => 0
                    [1] => E669EF1B414D
                    [2] => -82
                    [3] => 0201061AFFFFFF0215FDA50693A4E24FB1AFCFC6EB07647825271B4CB9C9
                )

            [6] => Array
                (
                    [0] => 0
                    [1] => E669EF1B414D
                    [2] => -83
                    [3] => 0201060BFFFFFF0B0003000703C400
                )

            [7] => Array
                (
                    [0] => 0
                    [1] => E669EF1B414D
                    [2] => -77
                    [3] => 0201061AFFFFFF0215FDA50693A4E24FB1AFCFC6EB07647825271B4CB9C9
                )

        )

    [rssi] => -61
)


============================================================
=== PACCHETTO 10 / 10 ===
=== 2026-04-17 13:12:15 ===
============================================================

RAW BODY:
{"v":1,"mid":11,"time":49,"ip":"192.168.1.23","mac":"24D7EB1C9E9C","devices":[[0,"E669EF1B414D",-78,"0201060BFFFFFF0B0007000503C400"],[0,"E669EF1B414D",-76,"0201061AFFFFFF0215FDA50693A4E24FB1AFCFC6EB07647825271B4CB9C9"],[0,"E669EF1B414D",-76,"0201060BFFFFFF0B0003000303C200"],[0,"E669EF1B414D",-82,"0201060BFFFFFF0B0003000503BE00"],[0,"E669EF1B414D",-77,"0201061AFFFFFF0215FDA50693A4E24FB1AFCFC6EB07647825271B4CB9C9"]],"rssi":-61}

JSON DECODED:
Array
(
    [v] => 1
    [mid] => 11
    [time] => 49
    [ip] => 192.168.1.23
    [mac] => 24D7EB1C9E9C
    [devices] => Array
        (
            [0] => Array
                (
                    [0] => 0
                    [1] => E669EF1B414D
                    [2] => -78
                    [3] => 0201060BFFFFFF0B0007000503C400
                )

            [1] => Array
                (
                    [0] => 0
                    [1] => E669EF1B414D
                    [2] => -76
                    [3] => 0201061AFFFFFF0215FDA50693A4E24FB1AFCFC6EB07647825271B4CB9C9
                )

            [2] => Array
                (
                    [0] => 0
                    [1] => E669EF1B414D
                    [2] => -76
                    [3] => 0201060BFFFFFF0B0003000303C200
                )

            [3] => Array
                (
                    [0] => 0
                    [1] => E669EF1B414D
                    [2] => -82
                    [3] => 0201060BFFFFFF0B0003000503BE00
                )

            [4] => Array
                (
                    [0] => 0
                    [1] => E669EF1B414D
                    [2] => -77
                    [3] => 0201061AFFFFFF0215FDA50693A4E24FB1AFCFC6EB07647825271B4CB9C9
                )

        )

    [rssi] => -61
)

